<!DOCTYPE html>
<html>
  <head>
    <meta charset="utf-8"/>
    <title id="head-title">test-report.html</title>
      <style type="text/css">body {
  font-family: Helvetica, Arial, sans-serif;
  font-size: 12px;
  /* do not increase min-width as some may use split screens */
  min-width: 800px;
  color: #999;
}

h1 {
  font-size: 24px;
  color: black;
}

h2 {
  font-size: 16px;
  color: black;
}

p {
  color: black;
}

a {
  color: #999;
}

table {
  border-collapse: collapse;
}

/******************************
 * SUMMARY INFORMATION
 ******************************/
#environment td {
  padding: 5px;
  border: 1px solid #e6e6e6;
  vertical-align: top;
}
#environment tr:nth-child(odd) {
  background-color: #f6f6f6;
}
#environment ul {
  margin: 0;
  padding: 0 20px;
}

/******************************
 * TEST RESULT COLORS
 ******************************/
span.passed,
.passed .col-result {
  color: green;
}

span.skipped,
span.xfailed,
span.rerun,
.skipped .col-result,
.xfailed .col-result,
.rerun .col-result {
  color: orange;
}

span.error,
span.failed,
span.xpassed,
.error .col-result,
.failed .col-result,
.xpassed .col-result {
  color: red;
}

.col-links__extra {
  margin-right: 3px;
}

/******************************
 * RESULTS TABLE
 *
 * 1. Table Layout
 * 2. Extra
 * 3. Sorting items
 *
 ******************************/
/*------------------
 * 1. Table Layout
 *------------------*/
#results-table {
  border: 1px solid #e6e6e6;
  color: #999;
  font-size: 12px;
  width: 100%;
}
#results-table th,
#results-table td {
  padding: 5px;
  border: 1px solid #e6e6e6;
  text-align: left;
}
#results-table th {
  font-weight: bold;
}

/*------------------
 * 2. Extra
 *------------------*/
.logwrapper {
  max-height: 230px;
  overflow-y: scroll;
  background-color: #e6e6e6;
}
.logwrapper.expanded {
  max-height: none;
}
.logwrapper.expanded .logexpander:after {
  content: "collapse [-]";
}
.logwrapper .logexpander {
  z-index: 1;
  position: sticky;
  top: 10px;
  width: max-content;
  border: 1px solid;
  border-radius: 3px;
  padding: 5px 7px;
  margin: 10px 0 10px calc(100% - 80px);
  cursor: pointer;
  background-color: #e6e6e6;
}
.logwrapper .logexpander:after {
  content: "expand [+]";
}
.logwrapper .logexpander:hover {
  color: #000;
  border-color: #000;
}
.logwrapper .log {
  min-height: 40px;
  position: relative;
  top: -50px;
  height: calc(100% + 50px);
  border: 1px solid #e6e6e6;
  color: black;
  display: block;
  font-family: "Courier New", Courier, monospace;
  padding: 5px;
  padding-right: 80px;
  white-space: pre-wrap;
}

div.media {
  border: 1px solid #e6e6e6;
  float: right;
  height: 240px;
  margin: 0 5px;
  overflow: hidden;
  width: 320px;
}

.media-container {
  display: grid;
  grid-template-columns: 25px auto 25px;
  align-items: center;
  flex: 1 1;
  overflow: hidden;
  height: 200px;
}

.media-container--fullscreen {
  grid-template-columns: 0px auto 0px;
}

.media-container__nav--right,
.media-container__nav--left {
  text-align: center;
  cursor: pointer;
}

.media-container__viewport {
  cursor: pointer;
  text-align: center;
  height: inherit;
}
.media-container__viewport img,
.media-container__viewport video {
  object-fit: cover;
  width: 100%;
  max-height: 100%;
}

.media__name,
.media__counter {
  display: flex;
  flex-direction: row;
  justify-content: space-around;
  flex: 0 0 25px;
  align-items: center;
}

.collapsible td:not(.col-links) {
  cursor: pointer;
}
.collapsible td:not(.col-links):hover::after {
  color: #bbb;
  font-style: italic;
  cursor: pointer;
}

.col-result {
  width: 130px;
}
.col-result:hover::after {
  content: " (hide details)";
}

.col-result.collapsed:hover::after {
  content: " (show details)";
}

#environment-header h2:hover::after {
  content: " (hide details)";
  color: #bbb;
  font-style: italic;
  cursor: pointer;
  font-size: 12px;
}

#environment-header.collapsed h2:hover::after {
  content: " (show details)";
  color: #bbb;
  font-style: italic;
  cursor: pointer;
  font-size: 12px;
}

/*------------------
 * 3. Sorting items
 *------------------*/
.sortable {
  cursor: pointer;
}
.sortable.desc:after {
  content: " ";
  position: relative;
  left: 5px;
  bottom: -12.5px;
  border: 10px solid #4caf50;
  border-bottom: 0;
  border-left-color: transparent;
  border-right-color: transparent;
}
.sortable.asc:after {
  content: " ";
  position: relative;
  left: 5px;
  bottom: 12.5px;
  border: 10px solid #4caf50;
  border-top: 0;
  border-left-color: transparent;
  border-right-color: transparent;
}

.hidden, .summary__reload__button.hidden {
  display: none;
}

.summary__data {
  flex: 0 0 550px;
}
.summary__reload {
  flex: 1 1;
  display: flex;
  justify-content: center;
}
.summary__reload__button {
  flex: 0 0 300px;
  display: flex;
  color: white;
  font-weight: bold;
  background-color: #4caf50;
  text-align: center;
  justify-content: center;
  align-items: center;
  border-radius: 3px;
  cursor: pointer;
}
.summary__reload__button:hover {
  background-color: #46a049;
}
.summary__spacer {
  flex: 0 0 550px;
}

.controls {
  display: flex;
  justify-content: space-between;
}

.filters,
.collapse {
  display: flex;
  align-items: center;
}
.filters button,
.collapse button {
  color: #999;
  border: none;
  background: none;
  cursor: pointer;
  text-decoration: underline;
}
.filters button:hover,
.collapse button:hover {
  color: #ccc;
}

.filter__label {
  margin-right: 10px;
}

      </style>
    
  </head>
  <body>
    <h1 id="title">test-report.html</h1>
    <p>Report generated on 26-Oct-2025 at 10:47:45 by <a href="https://pypi.python.org/pypi/pytest-html">pytest-html</a>
        v4.1.1</p>
    <div id="environment-header">
      <h2>Environment</h2>
    </div>
    <table id="environment"></table>
    <!-- TEMPLATES -->
      <template id="template_environment_row">
      <tr>
        <td></td>
        <td></td>
      </tr>
    </template>
    <template id="template_results-table__body--empty">
      <tbody class="results-table-row">
        <tr id="not-found-message">
          <td colspan="4">No results found. Check the filters.</th>
        </tr>
    </template>
    <template id="template_results-table__tbody">
      <tbody class="results-table-row">
        <tr class="collapsible">
        </tr>
        <tr class="extras-row">
          <td class="extra" colspan="4">
            <div class="extraHTML"></div>
            <div class="media">
              <div class="media-container">
                  <div class="media-container__nav--left"><</div>
                  <div class="media-container__viewport">
                    <img src="" />
                    <video controls>
                      <source src="" type="video/mp4">
                    </video>
                  </div>
                  <div class="media-container__nav--right">></div>
                </div>
                <div class="media__name"></div>
                <div class="media__counter"></div>
            </div>
            <div class="logwrapper">
              <div class="logexpander"></div>
              <div class="log"></div>
            </div>
          </td>
        </tr>
      </tbody>
    </template>
    <!-- END TEMPLATES -->
    <div class="summary">
      <div class="summary__data">
        <h2>Summary</h2>
        <div class="additional-summary prefix">
        </div>
        <p class="run-count">57 tests took 00:00:14.</p>
        <p class="filter">(Un)check the boxes to filter the results.</p>
        <div class="summary__reload">
          <div class="summary__reload__button hidden" onclick="location.reload()">
            <div>There are still tests running. <br />Reload this page to get the latest results!</div>
          </div>
        </div>
        <div class="summary__spacer"></div>
        <div class="controls">
          <div class="filters">
            <input checked="true" class="filter" name="filter_checkbox" type="checkbox" data-test-result="failed" />
            <span class="failed">9 Failed,</span>
            <input checked="true" class="filter" name="filter_checkbox" type="checkbox" data-test-result="passed" />
            <span class="passed">48 Passed,</span>
            <input checked="true" class="filter" name="filter_checkbox" type="checkbox" data-test-result="skipped" disabled/>
            <span class="skipped">0 Skipped,</span>
            <input checked="true" class="filter" name="filter_checkbox" type="checkbox" data-test-result="xfailed" disabled/>
            <span class="xfailed">0 Expected failures,</span>
            <input checked="true" class="filter" name="filter_checkbox" type="checkbox" data-test-result="xpassed" disabled/>
            <span class="xpassed">0 Unexpected passes,</span>
            <input checked="true" class="filter" name="filter_checkbox" type="checkbox" data-test-result="error" disabled/>
            <span class="error">0 Errors,</span>
            <input checked="true" class="filter" name="filter_checkbox" type="checkbox" data-test-result="rerun" disabled/>
            <span class="rerun">0 Reruns</span>
          </div>
          <div class="collapse">
            <button id="show_all_details">Show all details</button>&nbsp;/&nbsp;<button id="hide_all_details">Hide all details</button>
          </div>
        </div>
      </div>
      <div class="additional-summary summary">
      </div>
      <div class="additional-summary postfix">
      </div>
    </div>
    <table id="results-table">
      <thead id="results-table-head">
        <tr>
          <th class="sortable" data-column-type="result">Result</th>
          <th class="sortable" data-column-type="testId">Test</th>
          <th class="sortable" data-column-type="duration">Duration</th>
          <th>Links</th>
        </tr>
      </thead>
    </table>
  </body>
  <footer>
    <div id="data-container" data-jsonblob="{&#34;environment&#34;: {&#34;Python&#34;: &#34;3.12.7&#34;, &#34;Platform&#34;: &#34;macOS-13.0-arm64-arm-64bit&#34;, &#34;Packages&#34;: {&#34;pytest&#34;: &#34;8.4.2&#34;, &#34;pluggy&#34;: &#34;1.6.0&#34;}, &#34;Plugins&#34;: {&#34;html&#34;: &#34;4.1.1&#34;, &#34;metadata&#34;: &#34;3.1.1&#34;, &#34;django&#34;: &#34;4.11.1&#34;, &#34;cov&#34;: &#34;7.0.0&#34;}, &#34;JAVA_HOME&#34;: &#34;/Users/prithishlahiri/.sdkman/candidates/java/8.0.382-zulu&#34;}, &#34;tests&#34;: {&#34;myapp/tests/test_serializers.py::test_register_serializer_valid_saves_user&#34;: [{&#34;extras&#34;: [], &#34;result&#34;: &#34;Passed&#34;, &#34;testId&#34;: &#34;myapp/tests/test_serializers.py::test_register_serializer_valid_saves_user&#34;, &#34;duration&#34;: &#34;00:00:02&#34;, &#34;resultsTableRow&#34;: [&#34;&lt;td class=\&#34;col-result\&#34;&gt;Passed&lt;/td&gt;&#34;, &#34;&lt;td class=\&#34;col-testId\&#34;&gt;myapp/tests/test_serializers.py::test_register_serializer_valid_saves_user&lt;/td&gt;&#34;, &#34;&lt;td class=\&#34;col-duration\&#34;&gt;00:00:02&lt;/td&gt;&#34;, &#34;&lt;td class=\&#34;col-links\&#34;&gt;&lt;/td&gt;&#34;], &#34;log&#34;: &#34;---------------------------- Captured stderr setup -----------------------------\nCreating test database for alias &amp;#x27;default&amp;#x27;...\n&#34;}], &#34;myapp/tests/test_serializers.py::test_register_serializer_mismatch_and_duplicate_email&#34;: [{&#34;extras&#34;: [], &#34;result&#34;: &#34;Passed&#34;, &#34;testId&#34;: &#34;myapp/tests/test_serializers.py::test_register_serializer_mismatch_and_duplicate_email&#34;, &#34;duration&#34;: &#34;8 ms&#34;, &#34;resultsTableRow&#34;: [&#34;&lt;td class=\&#34;col-result\&#34;&gt;Passed&lt;/td&gt;&#34;, &#34;&lt;td class=\&#34;col-testId\&#34;&gt;myapp/tests/test_serializers.py::test_register_serializer_mismatch_and_duplicate_email&lt;/td&gt;&#34;, &#34;&lt;td class=\&#34;col-duration\&#34;&gt;8 ms&lt;/td&gt;&#34;, &#34;&lt;td class=\&#34;col-links\&#34;&gt;&lt;/td&gt;&#34;], &#34;log&#34;: &#34;No log output captured.&#34;}], &#34;myapp/tests/test_serializers.py::test_register_serializer_normalizes_email&#34;: [{&#34;extras&#34;: [], &#34;result&#34;: &#34;Passed&#34;, &#34;testId&#34;: &#34;myapp/tests/test_serializers.py::test_register_serializer_normalizes_email&#34;, &#34;duration&#34;: &#34;340 ms&#34;, &#34;resultsTableRow&#34;: [&#34;&lt;td class=\&#34;col-result\&#34;&gt;Passed&lt;/td&gt;&#34;, &#34;&lt;td class=\&#34;col-testId\&#34;&gt;myapp/tests/test_serializers.py::test_register_serializer_normalizes_email&lt;/td&gt;&#34;, &#34;&lt;td class=\&#34;col-duration\&#34;&gt;340 ms&lt;/td&gt;&#34;, &#34;&lt;td class=\&#34;col-links\&#34;&gt;&lt;/td&gt;&#34;], &#34;log&#34;: &#34;No log output captured.&#34;}], &#34;myapp/tests/test_serializers.py::test_login_serializer_calls_authenticate_lowercase&#34;: [{&#34;extras&#34;: [], &#34;result&#34;: &#34;Failed&#34;, &#34;testId&#34;: &#34;myapp/tests/test_serializers.py::test_login_serializer_calls_authenticate_lowercase&#34;, &#34;duration&#34;: &#34;348 ms&#34;, &#34;resultsTableRow&#34;: [&#34;&lt;td class=\&#34;col-result\&#34;&gt;Failed&lt;/td&gt;&#34;, &#34;&lt;td class=\&#34;col-testId\&#34;&gt;myapp/tests/test_serializers.py::test_login_serializer_calls_authenticate_lowercase&lt;/td&gt;&#34;, &#34;&lt;td class=\&#34;col-duration\&#34;&gt;348 ms&lt;/td&gt;&#34;, &#34;&lt;td class=\&#34;col-links\&#34;&gt;&lt;/td&gt;&#34;], &#34;log&#34;: &#34;monkeypatch = &amp;lt;_pytest.monkeypatch.MonkeyPatch object at 0x1062776b0&amp;gt;\n\n    @pytest.mark.django_db\n    def test_login_serializer_calls_authenticate_lowercase(monkeypatch):\n        user = baker.make(User, email=&amp;quot;login@example.com&amp;quot;)\n        user.set_password(&amp;quot;Correct123&amp;quot;)\n        user.save()\n    \n        mock_auth = patch(&amp;quot;myapp.serializers.authenticate&amp;quot;, return_value=user)\n        with mock_auth as mock:\n            ser = LoginSerializer(\n                data={&amp;quot;email&amp;quot;: &amp;quot;LoGiN@Example.com&amp;quot;, &amp;quot;password&amp;quot;: &amp;quot;Correct123&amp;quot;},\n                context={&amp;quot;request&amp;quot;: None}\n            )\n            assert ser.is_valid()\n&amp;gt;           mock.assert_called_once_with(username=&amp;quot;login@example.com&amp;quot;, password=&amp;quot;Correct123&amp;quot;)\n\nmyapp/tests/test_serializers.py:82: \n_ _ _ _ _ _ _ _ _ _ _ _ _ _ _ _ _ _ _ _ _ _ _ _ _ _ _ _ _ _ _ _ _ _ _ _ _ _ _ _ _ _ _ _ _ _ _ _ _ _ _ _ _ _ _ _ _ _ _ _ _ _ _ _ _ _ _ _ _ _ _ \n/opt/anaconda3/lib/python3.12/unittest/mock.py:961: in assert_called_once_with\n    return self.assert_called_with(*args, **kwargs)\n           ^^^^^^^^^^^^^^^^^^^^^^^^^^^^^^^^^^^^^^^^\n_ _ _ _ _ _ _ _ _ _ _ _ _ _ _ _ _ _ _ _ _ _ _ _ _ _ _ _ _ _ _ _ _ _ _ _ _ _ _ _ _ _ _ _ _ _ _ _ _ _ _ _ _ _ _ _ _ _ _ _ _ _ _ _ _ _ _ _ _ _ _ \n\nself = &amp;lt;MagicMock name=&amp;#x27;authenticate&amp;#x27; id=&amp;#x27;4394214672&amp;#x27;&amp;gt;, args = (), kwargs = {&amp;#x27;password&amp;#x27;: &amp;#x27;Correct123&amp;#x27;, &amp;#x27;username&amp;#x27;: &amp;#x27;login@example.com&amp;#x27;}\nexpected = call(username=&amp;#x27;login@example.com&amp;#x27;, password=&amp;#x27;Correct123&amp;#x27;)\nactual = call(request=None, email=&amp;#x27;login@example.com&amp;#x27;, password=&amp;#x27;Correct123&amp;#x27;)\n_error_message = &amp;lt;function NonCallableMock.assert_called_with.&amp;lt;locals&amp;gt;._error_message at 0x1060a8040&amp;gt;, cause = None\n\n    def assert_called_with(self, /, *args, **kwargs):\n        &amp;quot;&amp;quot;&amp;quot;assert that the last call was made with the specified arguments.\n    \n        Raises an AssertionError if the args and keyword args passed in are\n        different to the last call to the mock.&amp;quot;&amp;quot;&amp;quot;\n        if self.call_args is None:\n            expected = self._format_mock_call_signature(args, kwargs)\n            actual = &amp;#x27;not called.&amp;#x27;\n            error_message = (&amp;#x27;expected call not found.\\nExpected: %s\\n  Actual: %s&amp;#x27;\n                    % (expected, actual))\n            raise AssertionError(error_message)\n    \n        def _error_message():\n            msg = self._format_mock_failure_message(args, kwargs)\n            return msg\n        expected = self._call_matcher(_Call((args, kwargs), two=True))\n        actual = self._call_matcher(self.call_args)\n        if actual != expected:\n            cause = expected if isinstance(expected, Exception) else None\n&amp;gt;           raise AssertionError(_error_message()) from cause\nE           AssertionError: expected call not found.\nE           Expected: authenticate(username=&amp;#x27;login@example.com&amp;#x27;, password=&amp;#x27;Correct123&amp;#x27;)\nE             Actual: authenticate(request=None, email=&amp;#x27;login@example.com&amp;#x27;, password=&amp;#x27;Correct123&amp;#x27;)\n\n/opt/anaconda3/lib/python3.12/unittest/mock.py:949: AssertionError\n&#34;}], &#34;myapp/tests/test_serializers.py::test_login_serializer_invalid_credentials&#34;: [{&#34;extras&#34;: [], &#34;result&#34;: &#34;Passed&#34;, &#34;testId&#34;: &#34;myapp/tests/test_serializers.py::test_login_serializer_invalid_credentials&#34;, &#34;duration&#34;: &#34;677 ms&#34;, &#34;resultsTableRow&#34;: [&#34;&lt;td class=\&#34;col-result\&#34;&gt;Passed&lt;/td&gt;&#34;, &#34;&lt;td class=\&#34;col-testId\&#34;&gt;myapp/tests/test_serializers.py::test_login_serializer_invalid_credentials&lt;/td&gt;&#34;, &#34;&lt;td class=\&#34;col-duration\&#34;&gt;677 ms&lt;/td&gt;&#34;, &#34;&lt;td class=\&#34;col-links\&#34;&gt;&lt;/td&gt;&#34;], &#34;log&#34;: &#34;No log output captured.&#34;}], &#34;myapp/tests/test_serializers.py::test_user_serializer_staff_can_update_role&#34;: [{&#34;extras&#34;: [], &#34;result&#34;: &#34;Passed&#34;, &#34;testId&#34;: &#34;myapp/tests/test_serializers.py::test_user_serializer_staff_can_update_role&#34;, &#34;duration&#34;: &#34;5 ms&#34;, &#34;resultsTableRow&#34;: [&#34;&lt;td class=\&#34;col-result\&#34;&gt;Passed&lt;/td&gt;&#34;, &#34;&lt;td class=\&#34;col-testId\&#34;&gt;myapp/tests/test_serializers.py::test_user_serializer_staff_can_update_role&lt;/td&gt;&#34;, &#34;&lt;td class=\&#34;col-duration\&#34;&gt;5 ms&lt;/td&gt;&#34;, &#34;&lt;td class=\&#34;col-links\&#34;&gt;&lt;/td&gt;&#34;], &#34;log&#34;: &#34;No log output captured.&#34;}], &#34;myapp/tests/test_serializers.py::test_user_serializer_nonstaff_role_update_forbidden&#34;: [{&#34;extras&#34;: [], &#34;result&#34;: &#34;Passed&#34;, &#34;testId&#34;: &#34;myapp/tests/test_serializers.py::test_user_serializer_nonstaff_role_update_forbidden&#34;, &#34;duration&#34;: &#34;4 ms&#34;, &#34;resultsTableRow&#34;: [&#34;&lt;td class=\&#34;col-result\&#34;&gt;Passed&lt;/td&gt;&#34;, &#34;&lt;td class=\&#34;col-testId\&#34;&gt;myapp/tests/test_serializers.py::test_user_serializer_nonstaff_role_update_forbidden&lt;/td&gt;&#34;, &#34;&lt;td class=\&#34;col-duration\&#34;&gt;4 ms&lt;/td&gt;&#34;, &#34;&lt;td class=\&#34;col-links\&#34;&gt;&lt;/td&gt;&#34;], &#34;log&#34;: &#34;No log output captured.&#34;}], &#34;myapp/tests/test_serializers.py::test_user_serializer_display_name_immutable&#34;: [{&#34;extras&#34;: [], &#34;result&#34;: &#34;Passed&#34;, &#34;testId&#34;: &#34;myapp/tests/test_serializers.py::test_user_serializer_display_name_immutable&#34;, &#34;duration&#34;: &#34;3 ms&#34;, &#34;resultsTableRow&#34;: [&#34;&lt;td class=\&#34;col-result\&#34;&gt;Passed&lt;/td&gt;&#34;, &#34;&lt;td class=\&#34;col-testId\&#34;&gt;myapp/tests/test_serializers.py::test_user_serializer_display_name_immutable&lt;/td&gt;&#34;, &#34;&lt;td class=\&#34;col-duration\&#34;&gt;3 ms&lt;/td&gt;&#34;, &#34;&lt;td class=\&#34;col-links\&#34;&gt;&lt;/td&gt;&#34;], &#34;log&#34;: &#34;No log output captured.&#34;}], &#34;myapp/tests/test_serializers.py::test_progress_entry_serializer_validates_active_participant_and_strips_html&#34;: [{&#34;extras&#34;: [], &#34;result&#34;: &#34;Failed&#34;, &#34;testId&#34;: &#34;myapp/tests/test_serializers.py::test_progress_entry_serializer_validates_active_participant_and_strips_html&#34;, &#34;duration&#34;: &#34;43 ms&#34;, &#34;resultsTableRow&#34;: [&#34;&lt;td class=\&#34;col-result\&#34;&gt;Failed&lt;/td&gt;&#34;, &#34;&lt;td class=\&#34;col-testId\&#34;&gt;myapp/tests/test_serializers.py::test_progress_entry_serializer_validates_active_participant_and_strips_html&lt;/td&gt;&#34;, &#34;&lt;td class=\&#34;col-duration\&#34;&gt;43 ms&lt;/td&gt;&#34;, &#34;&lt;td class=\&#34;col-links\&#34;&gt;&lt;/td&gt;&#34;], &#34;log&#34;: &#34;@pytest.mark.django_db\n    def test_progress_entry_serializer_validates_active_participant_and_strips_html():\n        user = baker.make(User)\n        exercise = baker.make(Exercise)\n        challenge = baker.make(Challenge, challenge_type=ChallengeType.HABIT)\n        baker.make(HabitChallenge, challenge=challenge, exercise=exercise, duration_weeks=1, frequency_per_week=1)\n        baker.make(Participant, challenge=challenge, user=user, state=ParticipantState.ACTIVE)\n    \n        request = APIRequestFactory().post(&amp;quot;/&amp;quot;)\n        request.user = user\n    \n        ser = ProgressEntrySerializer(\n            data={&amp;quot;challenge&amp;quot;: challenge.id, &amp;quot;progress_value&amp;quot;: 1, &amp;quot;notes&amp;quot;: &amp;quot;&amp;lt;b&amp;gt;Nice&amp;lt;/b&amp;gt;&amp;quot;},\n            context={&amp;quot;request&amp;quot;: request}\n        )\n&amp;gt;       ser.is_valid(raise_exception=True)\n\nmyapp/tests/test_serializers.py:152: \n_ _ _ _ _ _ _ _ _ _ _ _ _ _ _ _ _ _ _ _ _ _ _ _ _ _ _ _ _ _ _ _ _ _ _ _ _ _ _ _ _ _ _ _ _ _ _ _ _ _ _ _ _ _ _ _ _ _ _ _ _ _ _ _ _ _ _ _ _ _ _ \n\nself = ProgressEntrySerializer(context={&amp;#x27;request&amp;#x27;: &amp;lt;WSGIRequest: POST &amp;#x27;/&amp;#x27;&amp;gt;}, data={&amp;#x27;challenge&amp;#x27;: 1, &amp;#x27;progress_value&amp;#x27;: 1, &amp;#x27;note...=2, max_digits=8)\n    logged_at = DateTimeField(read_only=True)\n    notes = CharField(allow_blank=True, required=False)\n\n    def is_valid(self, *, raise_exception=False):\n        assert hasattr(self, &amp;#x27;initial_data&amp;#x27;), (\n            &amp;#x27;Cannot call `.is_valid()` as no `data=` keyword argument was &amp;#x27;\n            &amp;#x27;passed when instantiating the serializer instance.&amp;#x27;\n        )\n    \n        if not hasattr(self, &amp;#x27;_validated_data&amp;#x27;):\n            try:\n                self._validated_data = self.run_validation(self.initial_data)\n            except ValidationError as exc:\n                self._validated_data = {}\n                self._errors = exc.detail\n            else:\n                self._errors = {}\n    \n        if self._errors and raise_exception:\n&amp;gt;           raise ValidationError(self.errors)\nE           rest_framework.exceptions.ValidationError: {&amp;#x27;duration_minutes&amp;#x27;: [ErrorDetail(string=&amp;#x27;This field is required.&amp;#x27;, code=&amp;#x27;required&amp;#x27;)]}\n\nenv/lib/python3.12/site-packages/rest_framework/serializers.py:233: ValidationError\n&#34;}], &#34;myapp/tests/test_serializers.py::test_progress_entry_serializer_rejects_inactive_or_deleted_challenge&#34;: [{&#34;extras&#34;: [], &#34;result&#34;: &#34;Passed&#34;, &#34;testId&#34;: &#34;myapp/tests/test_serializers.py::test_progress_entry_serializer_rejects_inactive_or_deleted_challenge&#34;, &#34;duration&#34;: &#34;7 ms&#34;, &#34;resultsTableRow&#34;: [&#34;&lt;td class=\&#34;col-result\&#34;&gt;Passed&lt;/td&gt;&#34;, &#34;&lt;td class=\&#34;col-testId\&#34;&gt;myapp/tests/test_serializers.py::test_progress_entry_serializer_rejects_inactive_or_deleted_challenge&lt;/td&gt;&#34;, &#34;&lt;td class=\&#34;col-duration\&#34;&gt;7 ms&lt;/td&gt;&#34;, &#34;&lt;td class=\&#34;col-links\&#34;&gt;&lt;/td&gt;&#34;], &#34;log&#34;: &#34;No log output captured.&#34;}], &#34;myapp/tests/test_serializers.py::test_challenge_serializer_create_habit_nested&#34;: [{&#34;extras&#34;: [], &#34;result&#34;: &#34;Passed&#34;, &#34;testId&#34;: &#34;myapp/tests/test_serializers.py::test_challenge_serializer_create_habit_nested&#34;, &#34;duration&#34;: &#34;12 ms&#34;, &#34;resultsTableRow&#34;: [&#34;&lt;td class=\&#34;col-result\&#34;&gt;Passed&lt;/td&gt;&#34;, &#34;&lt;td class=\&#34;col-testId\&#34;&gt;myapp/tests/test_serializers.py::test_challenge_serializer_create_habit_nested&lt;/td&gt;&#34;, &#34;&lt;td class=\&#34;col-duration\&#34;&gt;12 ms&lt;/td&gt;&#34;, &#34;&lt;td class=\&#34;col-links\&#34;&gt;&lt;/td&gt;&#34;], &#34;log&#34;: &#34;No log output captured.&#34;}], &#34;myapp/tests/test_serializers.py::test_challenge_serializer_create_target_nested&#34;: [{&#34;extras&#34;: [], &#34;result&#34;: &#34;Passed&#34;, &#34;testId&#34;: &#34;myapp/tests/test_serializers.py::test_challenge_serializer_create_target_nested&#34;, &#34;duration&#34;: &#34;9 ms&#34;, &#34;resultsTableRow&#34;: [&#34;&lt;td class=\&#34;col-result\&#34;&gt;Passed&lt;/td&gt;&#34;, &#34;&lt;td class=\&#34;col-testId\&#34;&gt;myapp/tests/test_serializers.py::test_challenge_serializer_create_target_nested&lt;/td&gt;&#34;, &#34;&lt;td class=\&#34;col-duration\&#34;&gt;9 ms&lt;/td&gt;&#34;, &#34;&lt;td class=\&#34;col-links\&#34;&gt;&lt;/td&gt;&#34;], &#34;log&#34;: &#34;No log output captured.&#34;}], &#34;myapp/tests/test_serializers.py::test_challenge_serializer_update_type_switch_forbidden&#34;: [{&#34;extras&#34;: [], &#34;result&#34;: &#34;Passed&#34;, &#34;testId&#34;: &#34;myapp/tests/test_serializers.py::test_challenge_serializer_update_type_switch_forbidden&#34;, &#34;duration&#34;: &#34;17 ms&#34;, &#34;resultsTableRow&#34;: [&#34;&lt;td class=\&#34;col-result\&#34;&gt;Passed&lt;/td&gt;&#34;, &#34;&lt;td class=\&#34;col-testId\&#34;&gt;myapp/tests/test_serializers.py::test_challenge_serializer_update_type_switch_forbidden&lt;/td&gt;&#34;, &#34;&lt;td class=\&#34;col-duration\&#34;&gt;17 ms&lt;/td&gt;&#34;, &#34;&lt;td class=\&#34;col-links\&#34;&gt;&lt;/td&gt;&#34;], &#34;log&#34;: &#34;No log output captured.&#34;}], &#34;myapp/tests/test_serializers.py::test_challenge_serializer_participants_filtered_out_if_not_creator&#34;: [{&#34;extras&#34;: [], &#34;result&#34;: &#34;Passed&#34;, &#34;testId&#34;: &#34;myapp/tests/test_serializers.py::test_challenge_serializer_participants_filtered_out_if_not_creator&#34;, &#34;duration&#34;: &#34;8 ms&#34;, &#34;resultsTableRow&#34;: [&#34;&lt;td class=\&#34;col-result\&#34;&gt;Passed&lt;/td&gt;&#34;, &#34;&lt;td class=\&#34;col-testId\&#34;&gt;myapp/tests/test_serializers.py::test_challenge_serializer_participants_filtered_out_if_not_creator&lt;/td&gt;&#34;, &#34;&lt;td class=\&#34;col-duration\&#34;&gt;8 ms&lt;/td&gt;&#34;, &#34;&lt;td class=\&#34;col-links\&#34;&gt;&lt;/td&gt;&#34;], &#34;log&#34;: &#34;No log output captured.&#34;}], &#34;myapp/tests/test_services.py::test_habit_limits_success&#34;: [{&#34;extras&#34;: [], &#34;result&#34;: &#34;Passed&#34;, &#34;testId&#34;: &#34;myapp/tests/test_services.py::test_habit_limits_success&#34;, &#34;duration&#34;: &#34;5 ms&#34;, &#34;resultsTableRow&#34;: [&#34;&lt;td class=\&#34;col-result\&#34;&gt;Passed&lt;/td&gt;&#34;, &#34;&lt;td class=\&#34;col-testId\&#34;&gt;myapp/tests/test_services.py::test_habit_limits_success&lt;/td&gt;&#34;, &#34;&lt;td class=\&#34;col-duration\&#34;&gt;5 ms&lt;/td&gt;&#34;, &#34;&lt;td class=\&#34;col-links\&#34;&gt;&lt;/td&gt;&#34;], &#34;log&#34;: &#34;No log output captured.&#34;}], &#34;myapp/tests/test_services.py::test_habit_limits_fail_conditions&#34;: [{&#34;extras&#34;: [], &#34;result&#34;: &#34;Passed&#34;, &#34;testId&#34;: &#34;myapp/tests/test_services.py::test_habit_limits_fail_conditions&#34;, &#34;duration&#34;: &#34;3 ms&#34;, &#34;resultsTableRow&#34;: [&#34;&lt;td class=\&#34;col-result\&#34;&gt;Passed&lt;/td&gt;&#34;, &#34;&lt;td class=\&#34;col-testId\&#34;&gt;myapp/tests/test_services.py::test_habit_limits_fail_conditions&lt;/td&gt;&#34;, &#34;&lt;td class=\&#34;col-duration\&#34;&gt;3 ms&lt;/td&gt;&#34;, &#34;&lt;td class=\&#34;col-links\&#34;&gt;&lt;/td&gt;&#34;], &#34;log&#34;: &#34;No log output captured.&#34;}], &#34;myapp/tests/test_services.py::test_target_limits_success&#34;: [{&#34;extras&#34;: [], &#34;result&#34;: &#34;Passed&#34;, &#34;testId&#34;: &#34;myapp/tests/test_services.py::test_target_limits_success&#34;, &#34;duration&#34;: &#34;3 ms&#34;, &#34;resultsTableRow&#34;: [&#34;&lt;td class=\&#34;col-result\&#34;&gt;Passed&lt;/td&gt;&#34;, &#34;&lt;td class=\&#34;col-testId\&#34;&gt;myapp/tests/test_services.py::test_target_limits_success&lt;/td&gt;&#34;, &#34;&lt;td class=\&#34;col-duration\&#34;&gt;3 ms&lt;/td&gt;&#34;, &#34;&lt;td class=\&#34;col-links\&#34;&gt;&lt;/td&gt;&#34;], &#34;log&#34;: &#34;No log output captured.&#34;}], &#34;myapp/tests/test_services.py::test_target_limits_fail_conditions&#34;: [{&#34;extras&#34;: [], &#34;result&#34;: &#34;Passed&#34;, &#34;testId&#34;: &#34;myapp/tests/test_services.py::test_target_limits_fail_conditions&#34;, &#34;duration&#34;: &#34;3 ms&#34;, &#34;resultsTableRow&#34;: [&#34;&lt;td class=\&#34;col-result\&#34;&gt;Passed&lt;/td&gt;&#34;, &#34;&lt;td class=\&#34;col-testId\&#34;&gt;myapp/tests/test_services.py::test_target_limits_fail_conditions&lt;/td&gt;&#34;, &#34;&lt;td class=\&#34;col-duration\&#34;&gt;3 ms&lt;/td&gt;&#34;, &#34;&lt;td class=\&#34;col-links\&#34;&gt;&lt;/td&gt;&#34;], &#34;log&#34;: &#34;No log output captured.&#34;}], &#34;myapp/tests/test_services.py::test_create_habit_challenge_creates_related_objects&#34;: [{&#34;extras&#34;: [], &#34;result&#34;: &#34;Passed&#34;, &#34;testId&#34;: &#34;myapp/tests/test_services.py::test_create_habit_challenge_creates_related_objects&#34;, &#34;duration&#34;: &#34;14 ms&#34;, &#34;resultsTableRow&#34;: [&#34;&lt;td class=\&#34;col-result\&#34;&gt;Passed&lt;/td&gt;&#34;, &#34;&lt;td class=\&#34;col-testId\&#34;&gt;myapp/tests/test_services.py::test_create_habit_challenge_creates_related_objects&lt;/td&gt;&#34;, &#34;&lt;td class=\&#34;col-duration\&#34;&gt;14 ms&lt;/td&gt;&#34;, &#34;&lt;td class=\&#34;col-links\&#34;&gt;&lt;/td&gt;&#34;], &#34;log&#34;: &#34;No log output captured.&#34;}], &#34;myapp/tests/test_services.py::test_update_habit_challenge_adds_participant&#34;: [{&#34;extras&#34;: [], &#34;result&#34;: &#34;Passed&#34;, &#34;testId&#34;: &#34;myapp/tests/test_services.py::test_update_habit_challenge_adds_participant&#34;, &#34;duration&#34;: &#34;10 ms&#34;, &#34;resultsTableRow&#34;: [&#34;&lt;td class=\&#34;col-result\&#34;&gt;Passed&lt;/td&gt;&#34;, &#34;&lt;td class=\&#34;col-testId\&#34;&gt;myapp/tests/test_services.py::test_update_habit_challenge_adds_participant&lt;/td&gt;&#34;, &#34;&lt;td class=\&#34;col-duration\&#34;&gt;10 ms&lt;/td&gt;&#34;, &#34;&lt;td class=\&#34;col-links\&#34;&gt;&lt;/td&gt;&#34;], &#34;log&#34;: &#34;No log output captured.&#34;}], &#34;myapp/tests/test_services.py::test_update_challenge_type_switch_raises_error&#34;: [{&#34;extras&#34;: [], &#34;result&#34;: &#34;Passed&#34;, &#34;testId&#34;: &#34;myapp/tests/test_services.py::test_update_challenge_type_switch_raises_error&#34;, &#34;duration&#34;: &#34;5 ms&#34;, &#34;resultsTableRow&#34;: [&#34;&lt;td class=\&#34;col-result\&#34;&gt;Passed&lt;/td&gt;&#34;, &#34;&lt;td class=\&#34;col-testId\&#34;&gt;myapp/tests/test_services.py::test_update_challenge_type_switch_raises_error&lt;/td&gt;&#34;, &#34;&lt;td class=\&#34;col-duration\&#34;&gt;5 ms&lt;/td&gt;&#34;, &#34;&lt;td class=\&#34;col-links\&#34;&gt;&lt;/td&gt;&#34;], &#34;log&#34;: &#34;No log output captured.&#34;}], &#34;myapp/tests/test_services.py::test_check_progress_invalid_inputs_raise&#34;: [{&#34;extras&#34;: [], &#34;result&#34;: &#34;Passed&#34;, &#34;testId&#34;: &#34;myapp/tests/test_services.py::test_check_progress_invalid_inputs_raise&#34;, &#34;duration&#34;: &#34;4 ms&#34;, &#34;resultsTableRow&#34;: [&#34;&lt;td class=\&#34;col-result\&#34;&gt;Passed&lt;/td&gt;&#34;, &#34;&lt;td class=\&#34;col-testId\&#34;&gt;myapp/tests/test_services.py::test_check_progress_invalid_inputs_raise&lt;/td&gt;&#34;, &#34;&lt;td class=\&#34;col-duration\&#34;&gt;4 ms&lt;/td&gt;&#34;, &#34;&lt;td class=\&#34;col-links\&#34;&gt;&lt;/td&gt;&#34;], &#34;log&#34;: &#34;No log output captured.&#34;}], &#34;myapp/tests/test_services.py::test_check_progress_missing_details_raise&#34;: [{&#34;extras&#34;: [], &#34;result&#34;: &#34;Passed&#34;, &#34;testId&#34;: &#34;myapp/tests/test_services.py::test_check_progress_missing_details_raise&#34;, &#34;duration&#34;: &#34;5 ms&#34;, &#34;resultsTableRow&#34;: [&#34;&lt;td class=\&#34;col-result\&#34;&gt;Passed&lt;/td&gt;&#34;, &#34;&lt;td class=\&#34;col-testId\&#34;&gt;myapp/tests/test_services.py::test_check_progress_missing_details_raise&lt;/td&gt;&#34;, &#34;&lt;td class=\&#34;col-duration\&#34;&gt;5 ms&lt;/td&gt;&#34;, &#34;&lt;td class=\&#34;col-links\&#34;&gt;&lt;/td&gt;&#34;], &#34;log&#34;: &#34;No log output captured.&#34;}], &#34;myapp/tests/test_services.py::test_is_exact_duplicate_detects_and_none_case&#34;: [{&#34;extras&#34;: [], &#34;result&#34;: &#34;Passed&#34;, &#34;testId&#34;: &#34;myapp/tests/test_services.py::test_is_exact_duplicate_detects_and_none_case&#34;, &#34;duration&#34;: &#34;8 ms&#34;, &#34;resultsTableRow&#34;: [&#34;&lt;td class=\&#34;col-result\&#34;&gt;Passed&lt;/td&gt;&#34;, &#34;&lt;td class=\&#34;col-testId\&#34;&gt;myapp/tests/test_services.py::test_is_exact_duplicate_detects_and_none_case&lt;/td&gt;&#34;, &#34;&lt;td class=\&#34;col-duration\&#34;&gt;8 ms&lt;/td&gt;&#34;, &#34;&lt;td class=\&#34;col-links\&#34;&gt;&lt;/td&gt;&#34;], &#34;log&#34;: &#34;No log output captured.&#34;}], &#34;myapp/tests/test_services.py::test_find_similar_returns_and_uses_cache&#34;: [{&#34;extras&#34;: [], &#34;result&#34;: &#34;Passed&#34;, &#34;testId&#34;: &#34;myapp/tests/test_services.py::test_find_similar_returns_and_uses_cache&#34;, &#34;duration&#34;: &#34;8 ms&#34;, &#34;resultsTableRow&#34;: [&#34;&lt;td class=\&#34;col-result\&#34;&gt;Passed&lt;/td&gt;&#34;, &#34;&lt;td class=\&#34;col-testId\&#34;&gt;myapp/tests/test_services.py::test_find_similar_returns_and_uses_cache&lt;/td&gt;&#34;, &#34;&lt;td class=\&#34;col-duration\&#34;&gt;8 ms&lt;/td&gt;&#34;, &#34;&lt;td class=\&#34;col-links\&#34;&gt;&lt;/td&gt;&#34;], &#34;log&#34;: &#34;No log output captured.&#34;}], &#34;myapp/tests/test_services.py::test_analytics_habit_and_target_types&#34;: [{&#34;extras&#34;: [], &#34;result&#34;: &#34;Passed&#34;, &#34;testId&#34;: &#34;myapp/tests/test_services.py::test_analytics_habit_and_target_types&#34;, &#34;duration&#34;: &#34;17 ms&#34;, &#34;resultsTableRow&#34;: [&#34;&lt;td class=\&#34;col-result\&#34;&gt;Passed&lt;/td&gt;&#34;, &#34;&lt;td class=\&#34;col-testId\&#34;&gt;myapp/tests/test_services.py::test_analytics_habit_and_target_types&lt;/td&gt;&#34;, &#34;&lt;td class=\&#34;col-duration\&#34;&gt;17 ms&lt;/td&gt;&#34;, &#34;&lt;td class=\&#34;col-links\&#34;&gt;&lt;/td&gt;&#34;], &#34;log&#34;: &#34;No log output captured.&#34;}], &#34;myapp/tests/test_services.py::test_analytics_handles_empty_cases&#34;: [{&#34;extras&#34;: [], &#34;result&#34;: &#34;Passed&#34;, &#34;testId&#34;: &#34;myapp/tests/test_services.py::test_analytics_handles_empty_cases&#34;, &#34;duration&#34;: &#34;12 ms&#34;, &#34;resultsTableRow&#34;: [&#34;&lt;td class=\&#34;col-result\&#34;&gt;Passed&lt;/td&gt;&#34;, &#34;&lt;td class=\&#34;col-testId\&#34;&gt;myapp/tests/test_services.py::test_analytics_handles_empty_cases&lt;/td&gt;&#34;, &#34;&lt;td class=\&#34;col-duration\&#34;&gt;12 ms&lt;/td&gt;&#34;, &#34;&lt;td class=\&#34;col-links\&#34;&gt;&lt;/td&gt;&#34;], &#34;log&#34;: &#34;No log output captured.&#34;}], &#34;myapp/tests/test_services.py::test_participant_invalid_user_is_safely_skipped&#34;: [{&#34;extras&#34;: [], &#34;result&#34;: &#34;Passed&#34;, &#34;testId&#34;: &#34;myapp/tests/test_services.py::test_participant_invalid_user_is_safely_skipped&#34;, &#34;duration&#34;: &#34;8 ms&#34;, &#34;resultsTableRow&#34;: [&#34;&lt;td class=\&#34;col-result\&#34;&gt;Passed&lt;/td&gt;&#34;, &#34;&lt;td class=\&#34;col-testId\&#34;&gt;myapp/tests/test_services.py::test_participant_invalid_user_is_safely_skipped&lt;/td&gt;&#34;, &#34;&lt;td class=\&#34;col-duration\&#34;&gt;8 ms&lt;/td&gt;&#34;, &#34;&lt;td class=\&#34;col-links\&#34;&gt;&lt;/td&gt;&#34;], &#34;log&#34;: &#34;------------------------------ Captured log call -------------------------------\nWARNING  myapp.services:services.py:295 Participant user id 9999 not found, skipping\n\n&#34;}], &#34;myapp/tests/test_views.py::TestAuthViews::test_register&#34;: [{&#34;extras&#34;: [], &#34;result&#34;: &#34;Failed&#34;, &#34;testId&#34;: &#34;myapp/tests/test_views.py::TestAuthViews::test_register&#34;, &#34;duration&#34;: &#34;505 ms&#34;, &#34;resultsTableRow&#34;: [&#34;&lt;td class=\&#34;col-result\&#34;&gt;Failed&lt;/td&gt;&#34;, &#34;&lt;td class=\&#34;col-testId\&#34;&gt;myapp/tests/test_views.py::TestAuthViews::test_register&lt;/td&gt;&#34;, &#34;&lt;td class=\&#34;col-duration\&#34;&gt;505 ms&lt;/td&gt;&#34;, &#34;&lt;td class=\&#34;col-links\&#34;&gt;&lt;/td&gt;&#34;], &#34;log&#34;: &#34;self = &amp;lt;test_views.TestAuthViews object at 0x105e78830&amp;gt;, api_client = &amp;lt;rest_framework.test.APIClient object at 0x10641a330&amp;gt;\n\n    def test_register(self, api_client):\n        &amp;quot;&amp;quot;&amp;quot;Register a new user successfully.&amp;quot;&amp;quot;&amp;quot;\n        payload = {\n            &amp;#x27;email&amp;#x27;: &amp;#x27;new@test.com&amp;#x27;,\n            &amp;#x27;display_name&amp;#x27;: &amp;#x27;Test User&amp;#x27;,\n            &amp;#x27;password&amp;#x27;: &amp;#x27;StrongPass123!&amp;#x27;,\n            &amp;#x27;password2&amp;#x27;: &amp;#x27;StrongPass123!&amp;#x27;\n        }\n        url = reverse(&amp;#x27;register&amp;#x27;)\n        response = api_client.post(url, payload)\n        assert response.status_code == 201\n&amp;gt;       assert &amp;#x27;tokens&amp;#x27; in response.data[&amp;#x27;data&amp;#x27;]\nE       AssertionError: assert &amp;#x27;tokens&amp;#x27; in {&amp;#x27;access&amp;#x27;: &amp;#x27;eyJhbGciOiJIUzI1NiIsInR5cCI6IkpXVCJ9.eyJ0b2tlbl90eXBlIjoiYWNjZXNzIiwiZXhwIjoxNzYxNDc5MjUyLCJpYXQiOjE3NjE0NzU2NTMsImp0aSI6IjZjZWVhM2JjNDUzMDRlZDQ5NTcwYTI5ODI2OWIwZDAwIiwidXNlcl9pZCI6IjIifQ.IOLN-cOUTSJ4NW2tlrpJN8NhGkuXhaNuN6Gy2u8fiew&amp;#x27;, &amp;#x27;email&amp;#x27;: &amp;#x27;new@test.com&amp;#x27;, &amp;#x27;refresh&amp;#x27;: &amp;#x27;eyJhbGciOiJIUzI1NiIsInR5cCI6IkpXVCJ9.eyJ0b2tlbl90eXBlIjoicmVmcmVzaCIsImV4cCI6MTc2MjA4MDQ1MiwiaWF0IjoxNzYxNDc1NjUyLCJqdGkiOiJkZWUxMjJjZTRjNDY0OWU4OTQ5NGY3ZjhhYTE5YjgwYyIsInVzZXJfaWQiOiIyIn0.tw4kLzLMaaFdVPwhu1XhQh1RrFMgw-j2LwmaWY2mT-Q&amp;#x27;}\n\nmyapp/tests/test_views.py:74: AssertionError\n&#34;}], &#34;myapp/tests/test_views.py::TestAuthViews::test_login&#34;: [{&#34;extras&#34;: [], &#34;result&#34;: &#34;Failed&#34;, &#34;testId&#34;: &#34;myapp/tests/test_views.py::TestAuthViews::test_login&#34;, &#34;duration&#34;: &#34;685 ms&#34;, &#34;resultsTableRow&#34;: [&#34;&lt;td class=\&#34;col-result\&#34;&gt;Failed&lt;/td&gt;&#34;, &#34;&lt;td class=\&#34;col-testId\&#34;&gt;myapp/tests/test_views.py::TestAuthViews::test_login&lt;/td&gt;&#34;, &#34;&lt;td class=\&#34;col-duration\&#34;&gt;685 ms&lt;/td&gt;&#34;, &#34;&lt;td class=\&#34;col-links\&#34;&gt;&lt;/td&gt;&#34;], &#34;log&#34;: &#34;self = &amp;lt;test_views.TestAuthViews object at 0x105e7bef0&amp;gt;, api_client = &amp;lt;rest_framework.test.APIClient object at 0x1065f3f80&amp;gt;\nuser = &amp;lt;User: NptISGbMdcgRHfjfbVKLuNMCwUGHBjgmfuErZCYbAgSxpgJDjy&amp;gt;\n\n    def test_login(self, api_client, user):\n        &amp;quot;&amp;quot;&amp;quot;Login with valid credentials.&amp;quot;&amp;quot;&amp;quot;\n        payload = {&amp;#x27;email&amp;#x27;: user.email, &amp;#x27;password&amp;#x27;: &amp;#x27;password123&amp;#x27;}\n        url = reverse(&amp;#x27;login&amp;#x27;)\n        response = api_client.post(url, payload)\n        assert response.status_code == 200\n&amp;gt;       assert &amp;#x27;tokens&amp;#x27; in response.data[&amp;#x27;data&amp;#x27;]\nE       AssertionError: assert &amp;#x27;tokens&amp;#x27; in {&amp;#x27;access&amp;#x27;: &amp;#x27;eyJhbGciOiJIUzI1NiIsInR5cCI6IkpXVCJ9.eyJ0b2tlbl90eXBlIjoiYWNjZXNzIiwiZXhwIjoxNzYxNDc5MjUzLCJpYXQiOjE3NjE0NzU2NTMsImp0aSI6ImE5NmFiYjc2N2UwYjQ2MTQ4Zjk3YTZiY2Q2MjI2NGU4IiwidXNlcl9pZCI6IjIifQ.1zbt6JTl1auENJgttn4hhHj0Oih8H_335tPSzGa83i0&amp;#x27;, &amp;#x27;email&amp;#x27;: &amp;#x27;user@test.com&amp;#x27;, &amp;#x27;refresh&amp;#x27;: &amp;#x27;eyJhbGciOiJIUzI1NiIsInR5cCI6IkpXVCJ9.eyJ0b2tlbl90eXBlIjoicmVmcmVzaCIsImV4cCI6MTc2MjA4MDQ1MywiaWF0IjoxNzYxNDc1NjUzLCJqdGkiOiI3Yzg0N2FiOGM2NTM0MzI5YTQ2OWE4OGJhOGMxNzRmNCIsInVzZXJfaWQiOiIyIn0.Iv9i7FSz9zgkbxzUlqzuOeqqtV0IGYNhnzslXJIES5w&amp;#x27;}\n\nmyapp/tests/test_views.py:83: AssertionError\n&#34;}], &#34;myapp/tests/test_views.py::TestAuthViews::test_change_password&#34;: [{&#34;extras&#34;: [], &#34;result&#34;: &#34;Passed&#34;, &#34;testId&#34;: &#34;myapp/tests/test_views.py::TestAuthViews::test_change_password&#34;, &#34;duration&#34;: &#34;00:00:01&#34;, &#34;resultsTableRow&#34;: [&#34;&lt;td class=\&#34;col-result\&#34;&gt;Passed&lt;/td&gt;&#34;, &#34;&lt;td class=\&#34;col-testId\&#34;&gt;myapp/tests/test_views.py::TestAuthViews::test_change_password&lt;/td&gt;&#34;, &#34;&lt;td class=\&#34;col-duration\&#34;&gt;00:00:01&lt;/td&gt;&#34;, &#34;&lt;td class=\&#34;col-links\&#34;&gt;&lt;/td&gt;&#34;], &#34;log&#34;: &#34;No log output captured.&#34;}], &#34;myapp/tests/test_views.py::TestAuthViewsEdgeCases::test_register_password_mismatch&#34;: [{&#34;extras&#34;: [], &#34;result&#34;: &#34;Passed&#34;, &#34;testId&#34;: &#34;myapp/tests/test_views.py::TestAuthViewsEdgeCases::test_register_password_mismatch&#34;, &#34;duration&#34;: &#34;7 ms&#34;, &#34;resultsTableRow&#34;: [&#34;&lt;td class=\&#34;col-result\&#34;&gt;Passed&lt;/td&gt;&#34;, &#34;&lt;td class=\&#34;col-testId\&#34;&gt;myapp/tests/test_views.py::TestAuthViewsEdgeCases::test_register_password_mismatch&lt;/td&gt;&#34;, &#34;&lt;td class=\&#34;col-duration\&#34;&gt;7 ms&lt;/td&gt;&#34;, &#34;&lt;td class=\&#34;col-links\&#34;&gt;&lt;/td&gt;&#34;], &#34;log&#34;: &#34;------------------------------ Captured log call -------------------------------\nWARNING  django.request:log.py:253 Bad Request: /api/register/\n\n&#34;}], &#34;myapp/tests/test_views.py::TestAuthViewsEdgeCases::test_register_weak_password&#34;: [{&#34;extras&#34;: [], &#34;result&#34;: &#34;Passed&#34;, &#34;testId&#34;: &#34;myapp/tests/test_views.py::TestAuthViewsEdgeCases::test_register_weak_password&#34;, &#34;duration&#34;: &#34;5 ms&#34;, &#34;resultsTableRow&#34;: [&#34;&lt;td class=\&#34;col-result\&#34;&gt;Passed&lt;/td&gt;&#34;, &#34;&lt;td class=\&#34;col-testId\&#34;&gt;myapp/tests/test_views.py::TestAuthViewsEdgeCases::test_register_weak_password&lt;/td&gt;&#34;, &#34;&lt;td class=\&#34;col-duration\&#34;&gt;5 ms&lt;/td&gt;&#34;, &#34;&lt;td class=\&#34;col-links\&#34;&gt;&lt;/td&gt;&#34;], &#34;log&#34;: &#34;------------------------------ Captured log call -------------------------------\nWARNING  django.request:log.py:253 Bad Request: /api/register/\n\n&#34;}], &#34;myapp/tests/test_views.py::TestAuthViewsEdgeCases::test_login_invalid_credentials&#34;: [{&#34;extras&#34;: [], &#34;result&#34;: &#34;Passed&#34;, &#34;testId&#34;: &#34;myapp/tests/test_views.py::TestAuthViewsEdgeCases::test_login_invalid_credentials&#34;, &#34;duration&#34;: &#34;345 ms&#34;, &#34;resultsTableRow&#34;: [&#34;&lt;td class=\&#34;col-result\&#34;&gt;Passed&lt;/td&gt;&#34;, &#34;&lt;td class=\&#34;col-testId\&#34;&gt;myapp/tests/test_views.py::TestAuthViewsEdgeCases::test_login_invalid_credentials&lt;/td&gt;&#34;, &#34;&lt;td class=\&#34;col-duration\&#34;&gt;345 ms&lt;/td&gt;&#34;, &#34;&lt;td class=\&#34;col-links\&#34;&gt;&lt;/td&gt;&#34;], &#34;log&#34;: &#34;------------------------------ Captured log call -------------------------------\nWARNING  django.request:log.py:253 Bad Request: /api/login/\n\n&#34;}], &#34;myapp/tests/test_views.py::TestAuthViewsEdgeCases::test_change_password_wrong_current&#34;: [{&#34;extras&#34;: [], &#34;result&#34;: &#34;Passed&#34;, &#34;testId&#34;: &#34;myapp/tests/test_views.py::TestAuthViewsEdgeCases::test_change_password_wrong_current&#34;, &#34;duration&#34;: &#34;681 ms&#34;, &#34;resultsTableRow&#34;: [&#34;&lt;td class=\&#34;col-result\&#34;&gt;Passed&lt;/td&gt;&#34;, &#34;&lt;td class=\&#34;col-testId\&#34;&gt;myapp/tests/test_views.py::TestAuthViewsEdgeCases::test_change_password_wrong_current&lt;/td&gt;&#34;, &#34;&lt;td class=\&#34;col-duration\&#34;&gt;681 ms&lt;/td&gt;&#34;, &#34;&lt;td class=\&#34;col-links\&#34;&gt;&lt;/td&gt;&#34;], &#34;log&#34;: &#34;------------------------------ Captured log call -------------------------------\nWARNING  django.request:log.py:253 Bad Request: /api/change-password/\n\n&#34;}], &#34;myapp/tests/test_views.py::TestAuthViewsEdgeCases::test_change_password_weak_new&#34;: [{&#34;extras&#34;: [], &#34;result&#34;: &#34;Passed&#34;, &#34;testId&#34;: &#34;myapp/tests/test_views.py::TestAuthViewsEdgeCases::test_change_password_weak_new&#34;, &#34;duration&#34;: &#34;679 ms&#34;, &#34;resultsTableRow&#34;: [&#34;&lt;td class=\&#34;col-result\&#34;&gt;Passed&lt;/td&gt;&#34;, &#34;&lt;td class=\&#34;col-testId\&#34;&gt;myapp/tests/test_views.py::TestAuthViewsEdgeCases::test_change_password_weak_new&lt;/td&gt;&#34;, &#34;&lt;td class=\&#34;col-duration\&#34;&gt;679 ms&lt;/td&gt;&#34;, &#34;&lt;td class=\&#34;col-links\&#34;&gt;&lt;/td&gt;&#34;], &#34;log&#34;: &#34;------------------------------ Captured log call -------------------------------\nWARNING  django.request:log.py:253 Bad Request: /api/change-password/\n\n&#34;}], &#34;myapp/tests/test_views.py::TestChallengeViews::test_public_challenge_list&#34;: [{&#34;extras&#34;: [], &#34;result&#34;: &#34;Passed&#34;, &#34;testId&#34;: &#34;myapp/tests/test_views.py::TestChallengeViews::test_public_challenge_list&#34;, &#34;duration&#34;: &#34;355 ms&#34;, &#34;resultsTableRow&#34;: [&#34;&lt;td class=\&#34;col-result\&#34;&gt;Passed&lt;/td&gt;&#34;, &#34;&lt;td class=\&#34;col-testId\&#34;&gt;myapp/tests/test_views.py::TestChallengeViews::test_public_challenge_list&lt;/td&gt;&#34;, &#34;&lt;td class=\&#34;col-duration\&#34;&gt;355 ms&lt;/td&gt;&#34;, &#34;&lt;td class=\&#34;col-links\&#34;&gt;&lt;/td&gt;&#34;], &#34;log&#34;: &#34;----------------------------- Captured stdout call -----------------------------\nError accessing habit challenge for 1: Challenge has no habit_details.\n&#34;}], &#34;myapp/tests/test_views.py::TestChallengeViews::test_join_challenge&#34;: [{&#34;extras&#34;: [], &#34;result&#34;: &#34;Passed&#34;, &#34;testId&#34;: &#34;myapp/tests/test_views.py::TestChallengeViews::test_join_challenge&#34;, &#34;duration&#34;: &#34;346 ms&#34;, &#34;resultsTableRow&#34;: [&#34;&lt;td class=\&#34;col-result\&#34;&gt;Passed&lt;/td&gt;&#34;, &#34;&lt;td class=\&#34;col-testId\&#34;&gt;myapp/tests/test_views.py::TestChallengeViews::test_join_challenge&lt;/td&gt;&#34;, &#34;&lt;td class=\&#34;col-duration\&#34;&gt;346 ms&lt;/td&gt;&#34;, &#34;&lt;td class=\&#34;col-links\&#34;&gt;&lt;/td&gt;&#34;], &#34;log&#34;: &#34;No log output captured.&#34;}], &#34;myapp/tests/test_views.py::TestChallengeViews::test_leave_challenge&#34;: [{&#34;extras&#34;: [], &#34;result&#34;: &#34;Passed&#34;, &#34;testId&#34;: &#34;myapp/tests/test_views.py::TestChallengeViews::test_leave_challenge&#34;, &#34;duration&#34;: &#34;347 ms&#34;, &#34;resultsTableRow&#34;: [&#34;&lt;td class=\&#34;col-result\&#34;&gt;Passed&lt;/td&gt;&#34;, &#34;&lt;td class=\&#34;col-testId\&#34;&gt;myapp/tests/test_views.py::TestChallengeViews::test_leave_challenge&lt;/td&gt;&#34;, &#34;&lt;td class=\&#34;col-duration\&#34;&gt;347 ms&lt;/td&gt;&#34;, &#34;&lt;td class=\&#34;col-links\&#34;&gt;&lt;/td&gt;&#34;], &#34;log&#34;: &#34;No log output captured.&#34;}], &#34;myapp/tests/test_views.py::TestChallengeViews::test_create_habit_challenge&#34;: [{&#34;extras&#34;: [], &#34;result&#34;: &#34;Passed&#34;, &#34;testId&#34;: &#34;myapp/tests/test_views.py::TestChallengeViews::test_create_habit_challenge&#34;, &#34;duration&#34;: &#34;352 ms&#34;, &#34;resultsTableRow&#34;: [&#34;&lt;td class=\&#34;col-result\&#34;&gt;Passed&lt;/td&gt;&#34;, &#34;&lt;td class=\&#34;col-testId\&#34;&gt;myapp/tests/test_views.py::TestChallengeViews::test_create_habit_challenge&lt;/td&gt;&#34;, &#34;&lt;td class=\&#34;col-duration\&#34;&gt;352 ms&lt;/td&gt;&#34;, &#34;&lt;td class=\&#34;col-links\&#34;&gt;&lt;/td&gt;&#34;], &#34;log&#34;: &#34;No log output captured.&#34;}], &#34;myapp/tests/test_views.py::TestChallengeViewsEdgeCases::test_join_already_participating&#34;: [{&#34;extras&#34;: [], &#34;result&#34;: &#34;Passed&#34;, &#34;testId&#34;: &#34;myapp/tests/test_views.py::TestChallengeViewsEdgeCases::test_join_already_participating&#34;, &#34;duration&#34;: &#34;342 ms&#34;, &#34;resultsTableRow&#34;: [&#34;&lt;td class=\&#34;col-result\&#34;&gt;Passed&lt;/td&gt;&#34;, &#34;&lt;td class=\&#34;col-testId\&#34;&gt;myapp/tests/test_views.py::TestChallengeViewsEdgeCases::test_join_already_participating&lt;/td&gt;&#34;, &#34;&lt;td class=\&#34;col-duration\&#34;&gt;342 ms&lt;/td&gt;&#34;, &#34;&lt;td class=\&#34;col-links\&#34;&gt;&lt;/td&gt;&#34;], &#34;log&#34;: &#34;------------------------------ Captured log call -------------------------------\nWARNING  django.request:log.py:253 Bad Request: /api/challenge/1/join/\n\n&#34;}], &#34;myapp/tests/test_views.py::TestChallengeViewsEdgeCases::test_leave_not_participating&#34;: [{&#34;extras&#34;: [], &#34;result&#34;: &#34;Passed&#34;, &#34;testId&#34;: &#34;myapp/tests/test_views.py::TestChallengeViewsEdgeCases::test_leave_not_participating&#34;, &#34;duration&#34;: &#34;342 ms&#34;, &#34;resultsTableRow&#34;: [&#34;&lt;td class=\&#34;col-result\&#34;&gt;Passed&lt;/td&gt;&#34;, &#34;&lt;td class=\&#34;col-testId\&#34;&gt;myapp/tests/test_views.py::TestChallengeViewsEdgeCases::test_leave_not_participating&lt;/td&gt;&#34;, &#34;&lt;td class=\&#34;col-duration\&#34;&gt;342 ms&lt;/td&gt;&#34;, &#34;&lt;td class=\&#34;col-links\&#34;&gt;&lt;/td&gt;&#34;], &#34;log&#34;: &#34;------------------------------ Captured log call -------------------------------\nWARNING  django.request:log.py:253 Bad Request: /api/challenge/1/leave/\n\n&#34;}], &#34;myapp/tests/test_views.py::TestChallengeViewsEdgeCases::test_leave_owner&#34;: [{&#34;extras&#34;: [], &#34;result&#34;: &#34;Failed&#34;, &#34;testId&#34;: &#34;myapp/tests/test_views.py::TestChallengeViewsEdgeCases::test_leave_owner&#34;, &#34;duration&#34;: &#34;345 ms&#34;, &#34;resultsTableRow&#34;: [&#34;&lt;td class=\&#34;col-result\&#34;&gt;Failed&lt;/td&gt;&#34;, &#34;&lt;td class=\&#34;col-testId\&#34;&gt;myapp/tests/test_views.py::TestChallengeViewsEdgeCases::test_leave_owner&lt;/td&gt;&#34;, &#34;&lt;td class=\&#34;col-duration\&#34;&gt;345 ms&lt;/td&gt;&#34;, &#34;&lt;td class=\&#34;col-links\&#34;&gt;&lt;/td&gt;&#34;], &#34;log&#34;: &#34;self = &amp;lt;test_views.TestChallengeViewsEdgeCases object at 0x105e96d20&amp;gt;, auth_client = &amp;lt;rest_framework.test.APIClient object at 0x106717470&amp;gt;\nchallenge = &amp;lt;Challenge: sEFjxdZDdYTBeqXWQcQuFVTlRZQtOYeQnWWvoiBHtnIQAnRaUzdiJCcEZwIziTqpinUBzMvAUUwhwKkkgHrZZjErXDsaMmdfRZjQ&amp;gt;\nuser = &amp;lt;User: gxDzfjgpFaXHgBZybBtDczZabRFaDvzPfOhIAkmMwmpfwMoOIb&amp;gt;\n\n    def test_leave_owner(self, auth_client, challenge, user):\n        &amp;quot;&amp;quot;&amp;quot;Owners cannot leave their own challenge.&amp;quot;&amp;quot;&amp;quot;\n        Participant.objects.create(user=user, challenge=challenge, state=ParticipantState.ACTIVE, role=ParticipantRole.OWNER)\n        url = reverse(&amp;#x27;challenge_leave&amp;#x27;, args=[challenge.id])\n        response = auth_client.post(url)\n&amp;gt;       assert response.status_code == 403\nE       assert 200 == 403\nE        +  where 200 = &amp;lt;Response status_code=200, &amp;quot;application/json&amp;quot;&amp;gt;.status_code\n\nmyapp/tests/test_views.py:216: AssertionError\n&#34;}], &#34;myapp/tests/test_views.py::TestChallengeViewsEdgeCases::test_update_challenge_non_creator&#34;: [{&#34;extras&#34;: [], &#34;result&#34;: &#34;Passed&#34;, &#34;testId&#34;: &#34;myapp/tests/test_views.py::TestChallengeViewsEdgeCases::test_update_challenge_non_creator&#34;, &#34;duration&#34;: &#34;344 ms&#34;, &#34;resultsTableRow&#34;: [&#34;&lt;td class=\&#34;col-result\&#34;&gt;Passed&lt;/td&gt;&#34;, &#34;&lt;td class=\&#34;col-testId\&#34;&gt;myapp/tests/test_views.py::TestChallengeViewsEdgeCases::test_update_challenge_non_creator&lt;/td&gt;&#34;, &#34;&lt;td class=\&#34;col-duration\&#34;&gt;344 ms&lt;/td&gt;&#34;, &#34;&lt;td class=\&#34;col-links\&#34;&gt;&lt;/td&gt;&#34;], &#34;log&#34;: &#34;------------------------------ Captured log call -------------------------------\nWARNING  django.request:log.py:253 Forbidden: /api/challenge/1/update/\n\n&#34;}], &#34;myapp/tests/test_views.py::TestChallengeViewsEdgeCases::test_delete_challenge_with_others&#34;: [{&#34;extras&#34;: [], &#34;result&#34;: &#34;Passed&#34;, &#34;testId&#34;: &#34;myapp/tests/test_views.py::TestChallengeViewsEdgeCases::test_delete_challenge_with_others&#34;, &#34;duration&#34;: &#34;350 ms&#34;, &#34;resultsTableRow&#34;: [&#34;&lt;td class=\&#34;col-result\&#34;&gt;Passed&lt;/td&gt;&#34;, &#34;&lt;td class=\&#34;col-testId\&#34;&gt;myapp/tests/test_views.py::TestChallengeViewsEdgeCases::test_delete_challenge_with_others&lt;/td&gt;&#34;, &#34;&lt;td class=\&#34;col-duration\&#34;&gt;350 ms&lt;/td&gt;&#34;, &#34;&lt;td class=\&#34;col-links\&#34;&gt;&lt;/td&gt;&#34;], &#34;log&#34;: &#34;------------------------------ Captured log call -------------------------------\nWARNING  django.request:log.py:253 Bad Request: /api/challenge/1/delete/\n\n&#34;}], &#34;myapp/tests/test_views.py::TestChallengeViewsEdgeCases::test_delete_challenge_non_creator&#34;: [{&#34;extras&#34;: [], &#34;result&#34;: &#34;Passed&#34;, &#34;testId&#34;: &#34;myapp/tests/test_views.py::TestChallengeViewsEdgeCases::test_delete_challenge_non_creator&#34;, &#34;duration&#34;: &#34;348 ms&#34;, &#34;resultsTableRow&#34;: [&#34;&lt;td class=\&#34;col-result\&#34;&gt;Passed&lt;/td&gt;&#34;, &#34;&lt;td class=\&#34;col-testId\&#34;&gt;myapp/tests/test_views.py::TestChallengeViewsEdgeCases::test_delete_challenge_non_creator&lt;/td&gt;&#34;, &#34;&lt;td class=\&#34;col-duration\&#34;&gt;348 ms&lt;/td&gt;&#34;, &#34;&lt;td class=\&#34;col-links\&#34;&gt;&lt;/td&gt;&#34;], &#34;log&#34;: &#34;------------------------------ Captured log call -------------------------------\nWARNING  django.request:log.py:253 Forbidden: /api/challenge/1/delete/\n\n&#34;}], &#34;myapp/tests/test_views.py::TestProgressEntryViews::test_create_progress_entry_habit&#34;: [{&#34;extras&#34;: [], &#34;result&#34;: &#34;Failed&#34;, &#34;testId&#34;: &#34;myapp/tests/test_views.py::TestProgressEntryViews::test_create_progress_entry_habit&#34;, &#34;duration&#34;: &#34;347 ms&#34;, &#34;resultsTableRow&#34;: [&#34;&lt;td class=\&#34;col-result\&#34;&gt;Failed&lt;/td&gt;&#34;, &#34;&lt;td class=\&#34;col-testId\&#34;&gt;myapp/tests/test_views.py::TestProgressEntryViews::test_create_progress_entry_habit&lt;/td&gt;&#34;, &#34;&lt;td class=\&#34;col-duration\&#34;&gt;347 ms&lt;/td&gt;&#34;, &#34;&lt;td class=\&#34;col-links\&#34;&gt;&lt;/td&gt;&#34;], &#34;log&#34;: &#34;self = &amp;lt;test_views.TestProgressEntryViews object at 0x105e97da0&amp;gt;, auth_client = &amp;lt;rest_framework.test.APIClient object at 0x1066b2450&amp;gt;\nuser = &amp;lt;User: ukFNrFppYpDZJYwBwcQmZlBMVWKRgGzaoQuljNkdQfaRjLXkeo&amp;gt;\n\n    def test_create_progress_entry_habit(self, auth_client, user):\n        &amp;quot;&amp;quot;&amp;quot;Create a habit progress entry successfully.&amp;quot;&amp;quot;&amp;quot;\n        exercise = Exercise.objects.create(\n            name=&amp;quot;Push Ups&amp;quot;, unit_type=&amp;quot;reps&amp;quot;,\n            max_sessions_per_day=5, max_rate_per_minute=100,\n            category=&amp;quot;strength&amp;quot;\n        )\n    \n        challenge_instance = Challenge.objects.create(\n            title=&amp;quot;Habit Challenge Test&amp;quot;,\n            challenge_type=ChallengeType.HABIT,\n            status=&amp;quot;published&amp;quot;,\n            creator=user,\n            threshold_percentage=80\n        )\n    \n        HabitChallenge.objects.create(\n            challenge=challenge_instance,\n            exercise=exercise,\n            duration_weeks=2,\n            frequency_per_week=3\n        )\n        Participant.objects.create(user=user, challenge=challenge_instance, state=ParticipantState.ACTIVE)\n    \n        payload = {&amp;#x27;challenge&amp;#x27;: challenge_instance.id, &amp;#x27;progress_value&amp;#x27;: 3}\n        url = reverse(&amp;#x27;progress_create&amp;#x27;)\n        response = auth_client.post(url, payload, format=&amp;#x27;json&amp;#x27;)\n&amp;gt;       assert response.status_code == 201\nE       assert 400 == 201\nE        +  where 400 = &amp;lt;Response status_code=400, &amp;quot;application/json&amp;quot;&amp;gt;.status_code\n\nmyapp/tests/test_views.py:278: AssertionError\n\n------------------------------ Captured log call -------------------------------\nWARNING  django.request:log.py:253 Bad Request: /api/progress/create/\n\n&#34;}], &#34;myapp/tests/test_views.py::TestProgressEntryViews::test_create_progress_entry_target&#34;: [{&#34;extras&#34;: [], &#34;result&#34;: &#34;Failed&#34;, &#34;testId&#34;: &#34;myapp/tests/test_views.py::TestProgressEntryViews::test_create_progress_entry_target&#34;, &#34;duration&#34;: &#34;343 ms&#34;, &#34;resultsTableRow&#34;: [&#34;&lt;td class=\&#34;col-result\&#34;&gt;Failed&lt;/td&gt;&#34;, &#34;&lt;td class=\&#34;col-testId\&#34;&gt;myapp/tests/test_views.py::TestProgressEntryViews::test_create_progress_entry_target&lt;/td&gt;&#34;, &#34;&lt;td class=\&#34;col-duration\&#34;&gt;343 ms&lt;/td&gt;&#34;, &#34;&lt;td class=\&#34;col-links\&#34;&gt;&lt;/td&gt;&#34;], &#34;log&#34;: &#34;self = &amp;lt;test_views.TestProgressEntryViews object at 0x105ea41d0&amp;gt;, auth_client = &amp;lt;rest_framework.test.APIClient object at 0x106714140&amp;gt;\nuser = &amp;lt;User: OOjFYInIptjJRBUklTLSOlozGgUulxdAxxJYnYmGkyjCOleojJ&amp;gt;\n\n    def test_create_progress_entry_target(self, auth_client, user):\n        &amp;quot;&amp;quot;&amp;quot;Create target challenge progress safely within limits.&amp;quot;&amp;quot;&amp;quot;\n        exercise = Exercise.objects.create(\n            name=&amp;quot;Cycling&amp;quot;, unit_type=&amp;quot;km&amp;quot;,\n            max_sessions_per_day=10, max_rate_per_minute=5,\n            category=&amp;quot;cardio&amp;quot;\n        )\n    \n        challenge_instance = Challenge.objects.create(\n            title=&amp;quot;Target Challenge Test&amp;quot;,\n            challenge_type=ChallengeType.TARGET,\n            status=&amp;quot;published&amp;quot;,\n            creator=user,\n            threshold_percentage=80\n        )\n    \n        TargetChallenge.objects.create(\n            challenge=challenge_instance,\n            exercise=exercise,\n            duration_days=5,\n            target_value=50\n        )\n        Participant.objects.create(user=user, challenge=challenge_instance, state=ParticipantState.ACTIVE)\n    \n        payload = {&amp;#x27;challenge&amp;#x27;: challenge_instance.id, &amp;#x27;progress_value&amp;#x27;: 50}\n        url = reverse(&amp;#x27;progress_create&amp;#x27;)\n        response = auth_client.post(url, payload, format=&amp;#x27;json&amp;#x27;)\n&amp;gt;       assert response.status_code == 201\nE       assert 400 == 201\nE        +  where 400 = &amp;lt;Response status_code=400, &amp;quot;application/json&amp;quot;&amp;gt;.status_code\n\nmyapp/tests/test_views.py:307: AssertionError\n\n------------------------------ Captured log call -------------------------------\nWARNING  django.request:log.py:253 Bad Request: /api/progress/create/\n\n&#34;}], &#34;myapp/tests/test_views.py::TestProgressEntryViews::test_list_progress_entries&#34;: [{&#34;extras&#34;: [], &#34;result&#34;: &#34;Failed&#34;, &#34;testId&#34;: &#34;myapp/tests/test_views.py::TestProgressEntryViews::test_list_progress_entries&#34;, &#34;duration&#34;: &#34;340 ms&#34;, &#34;resultsTableRow&#34;: [&#34;&lt;td class=\&#34;col-result\&#34;&gt;Failed&lt;/td&gt;&#34;, &#34;&lt;td class=\&#34;col-testId\&#34;&gt;myapp/tests/test_views.py::TestProgressEntryViews::test_list_progress_entries&lt;/td&gt;&#34;, &#34;&lt;td class=\&#34;col-duration\&#34;&gt;340 ms&lt;/td&gt;&#34;, &#34;&lt;td class=\&#34;col-links\&#34;&gt;&lt;/td&gt;&#34;], &#34;log&#34;: &#34;self = &amp;lt;django.db.backends.utils.CursorWrapper object at 0x10679b7a0&amp;gt;\nsql = &amp;#x27;INSERT INTO &amp;quot;myapp_progressentry&amp;quot; (&amp;quot;user_id&amp;quot;, &amp;quot;challenge_id&amp;quot;, &amp;quot;progress_value&amp;quot;, &amp;quot;duration_minutes&amp;quot;, &amp;quot;notes&amp;quot;, &amp;quot;logged_at&amp;quot;) VALUES (%s, %s, %s, %s, %s, %s) RETURNING &amp;quot;myapp_progressentry&amp;quot;.&amp;quot;id&amp;quot;&amp;#x27;\nparams = (2, 1, 5, None, None, &amp;#x27;2025-10-26 10:47:41.037063&amp;#x27;)\nignored_wrapper_args = (False, {&amp;#x27;connection&amp;#x27;: &amp;lt;DatabaseWrapper vendor=&amp;#x27;sqlite&amp;#x27; alias=&amp;#x27;default&amp;#x27;&amp;gt;, &amp;#x27;cursor&amp;#x27;: &amp;lt;django.db.backends.utils.CursorWrapper object at 0x10679b7a0&amp;gt;})\n\n    def _execute(self, sql, params, *ignored_wrapper_args):\n        # Raise a warning during app initialization (stored_app_configs is only\n        # ever set during testing).\n        if not apps.ready and not apps.stored_app_configs:\n            warnings.warn(self.APPS_NOT_READY_WARNING_MSG, category=RuntimeWarning)\n        self.db.validate_no_broken_transaction()\n        with self.db.wrap_database_errors:\n            if params is None:\n                # params default might be backend specific.\n                return self.cursor.execute(sql)\n            else:\n&amp;gt;               return self.cursor.execute(sql, params)\n                       ^^^^^^^^^^^^^^^^^^^^^^^^^^^^^^^^\n\nenv/lib/python3.12/site-packages/django/db/backends/utils.py:105: \n_ _ _ _ _ _ _ _ _ _ _ _ _ _ _ _ _ _ _ _ _ _ _ _ _ _ _ _ _ _ _ _ _ _ _ _ _ _ _ _ _ _ _ _ _ _ _ _ _ _ _ _ _ _ _ _ _ _ _ _ _ _ _ _ _ _ _ _ _ _ _ \n\nself = &amp;lt;django.db.backends.sqlite3.base.SQLiteCursorWrapper object at 0x106663d10&amp;gt;\nquery = &amp;#x27;INSERT INTO &amp;quot;myapp_progressentry&amp;quot; (&amp;quot;user_id&amp;quot;, &amp;quot;challenge_id&amp;quot;, &amp;quot;progress_value&amp;quot;, &amp;quot;duration_minutes&amp;quot;, &amp;quot;notes&amp;quot;, &amp;quot;logged_at&amp;quot;) VALUES (?, ?, ?, ?, ?, ?) RETURNING &amp;quot;myapp_progressentry&amp;quot;.&amp;quot;id&amp;quot;&amp;#x27;\nparams = (2, 1, 5, None, None, &amp;#x27;2025-10-26 10:47:41.037063&amp;#x27;)\n\n    def execute(self, query, params=None):\n        if params is None:\n            return super().execute(query)\n        # Extract names if params is a mapping, i.e. &amp;quot;pyformat&amp;quot; style is used.\n        param_names = list(params) if isinstance(params, Mapping) else None\n        query = self.convert_query(query, param_names=param_names)\n&amp;gt;       return super().execute(query, params)\n               ^^^^^^^^^^^^^^^^^^^^^^^^^^^^^^\nE       sqlite3.IntegrityError: NOT NULL constraint failed: myapp_progressentry.duration_minutes\n\nenv/lib/python3.12/site-packages/django/db/backends/sqlite3/base.py:354: IntegrityError\n\nThe above exception was the direct cause of the following exception:\n\nself = &amp;lt;test_views.TestProgressEntryViews object at 0x105ea4620&amp;gt;, auth_client = &amp;lt;rest_framework.test.APIClient object at 0x10679b920&amp;gt;\nchallenge = &amp;lt;Challenge: NoOBlfethqeYYSciJLhIcpjzmZEgFwqJHLkEZXvCCJiiSgXUvWUmkQFhHxSsxJMfrdLNDYLUSYsStXitroNIztTVCeSNPjXaAxUz&amp;gt;\nuser = &amp;lt;User: rFsdYJGSSlcoqsMKnCYBosWHgMYgyRSMdcrgZDJDrVuKGsAzyZ&amp;gt;\nexercise = &amp;lt;Exercise: HOfbpIHXCMeSsmwXHLPjSDQjHbLHqbijeFJUcxbwImmHLNSzvw (reps)&amp;gt;\n\n    def test_list_progress_entries(self, auth_client, challenge, user, exercise):\n        &amp;quot;&amp;quot;&amp;quot;List progress entries for a given challenge.&amp;quot;&amp;quot;&amp;quot;\n        Participant.objects.create(user=user, challenge=challenge, state=ParticipantState.ACTIVE)\n        if challenge.challenge_type == ChallengeType.HABIT:\n            HabitChallenge.objects.create(challenge=challenge, exercise=exercise, duration_weeks=2, frequency_per_week=3)\n&amp;gt;       ProgressEntry.objects.create(user=user, challenge=challenge, progress_value=5)\n\nmyapp/tests/test_views.py:314: \n_ _ _ _ _ _ _ _ _ _ _ _ _ _ _ _ _ _ _ _ _ _ _ _ _ _ _ _ _ _ _ _ _ _ _ _ _ _ _ _ _ _ _ _ _ _ _ _ _ _ _ _ _ _ _ _ _ _ _ _ _ _ _ _ _ _ _ _ _ _ _ \nenv/lib/python3.12/site-packages/django/db/models/manager.py:87: in manager_method\n    return getattr(self.get_queryset(), name)(*args, **kwargs)\n           ^^^^^^^^^^^^^^^^^^^^^^^^^^^^^^^^^^^^^^^^^^^^^^^^^^^\nenv/lib/python3.12/site-packages/django/db/models/query.py:679: in create\n    obj.save(force_insert=True, using=self.db)\nenv/lib/python3.12/site-packages/django/db/models/base.py:892: in save\n    self.save_base(\nenv/lib/python3.12/site-packages/django/db/models/base.py:998: in save_base\n    updated = self._save_table(\nenv/lib/python3.12/site-packages/django/db/models/base.py:1161: in _save_table\n    results = self._do_insert(\nenv/lib/python3.12/site-packages/django/db/models/base.py:1202: in _do_insert\n    return manager._insert(\nenv/lib/python3.12/site-packages/django/db/models/manager.py:87: in manager_method\n    return getattr(self.get_queryset(), name)(*args, **kwargs)\n           ^^^^^^^^^^^^^^^^^^^^^^^^^^^^^^^^^^^^^^^^^^^^^^^^^^^\nenv/lib/python3.12/site-packages/django/db/models/query.py:1847: in _insert\n    return query.get_compiler(using=using).execute_sql(returning_fields)\n           ^^^^^^^^^^^^^^^^^^^^^^^^^^^^^^^^^^^^^^^^^^^^^^^^^^^^^^^^^^^^^\nenv/lib/python3.12/site-packages/django/db/models/sql/compiler.py:1836: in execute_sql\n    cursor.execute(sql, params)\nenv/lib/python3.12/site-packages/django/db/backends/utils.py:79: in execute\n    return self._execute_with_wrappers(\nenv/lib/python3.12/site-packages/django/db/backends/utils.py:92: in _execute_with_wrappers\n    return executor(sql, params, many, context)\n           ^^^^^^^^^^^^^^^^^^^^^^^^^^^^^^^^^^^^\nenv/lib/python3.12/site-packages/django/db/backends/utils.py:100: in _execute\n    with self.db.wrap_database_errors:\n         ^^^^^^^^^^^^^^^^^^^^^^^^^^^^\nenv/lib/python3.12/site-packages/django/db/utils.py:91: in __exit__\n    raise dj_exc_value.with_traceback(traceback) from exc_value\nenv/lib/python3.12/site-packages/django/db/backends/utils.py:105: in _execute\n    return self.cursor.execute(sql, params)\n           ^^^^^^^^^^^^^^^^^^^^^^^^^^^^^^^^\n_ _ _ _ _ _ _ _ _ _ _ _ _ _ _ _ _ _ _ _ _ _ _ _ _ _ _ _ _ _ _ _ _ _ _ _ _ _ _ _ _ _ _ _ _ _ _ _ _ _ _ _ _ _ _ _ _ _ _ _ _ _ _ _ _ _ _ _ _ _ _ \n\nself = &amp;lt;django.db.backends.sqlite3.base.SQLiteCursorWrapper object at 0x106663d10&amp;gt;\nquery = &amp;#x27;INSERT INTO &amp;quot;myapp_progressentry&amp;quot; (&amp;quot;user_id&amp;quot;, &amp;quot;challenge_id&amp;quot;, &amp;quot;progress_value&amp;quot;, &amp;quot;duration_minutes&amp;quot;, &amp;quot;notes&amp;quot;, &amp;quot;logged_at&amp;quot;) VALUES (?, ?, ?, ?, ?, ?) RETURNING &amp;quot;myapp_progressentry&amp;quot;.&amp;quot;id&amp;quot;&amp;#x27;\nparams = (2, 1, 5, None, None, &amp;#x27;2025-10-26 10:47:41.037063&amp;#x27;)\n\n    def execute(self, query, params=None):\n        if params is None:\n            return super().execute(query)\n        # Extract names if params is a mapping, i.e. &amp;quot;pyformat&amp;quot; style is used.\n        param_names = list(params) if isinstance(params, Mapping) else None\n        query = self.convert_query(query, param_names=param_names)\n&amp;gt;       return super().execute(query, params)\n               ^^^^^^^^^^^^^^^^^^^^^^^^^^^^^^\nE       django.db.utils.IntegrityError: NOT NULL constraint failed: myapp_progressentry.duration_minutes\n\nenv/lib/python3.12/site-packages/django/db/backends/sqlite3/base.py:354: IntegrityError\n&#34;}], &#34;myapp/tests/test_views.py::TestProgressEntryViewsEdgeCases::test_create_progress_not_participant&#34;: [{&#34;extras&#34;: [], &#34;result&#34;: &#34;Passed&#34;, &#34;testId&#34;: &#34;myapp/tests/test_views.py::TestProgressEntryViewsEdgeCases::test_create_progress_not_participant&#34;, &#34;duration&#34;: &#34;349 ms&#34;, &#34;resultsTableRow&#34;: [&#34;&lt;td class=\&#34;col-result\&#34;&gt;Passed&lt;/td&gt;&#34;, &#34;&lt;td class=\&#34;col-testId\&#34;&gt;myapp/tests/test_views.py::TestProgressEntryViewsEdgeCases::test_create_progress_not_participant&lt;/td&gt;&#34;, &#34;&lt;td class=\&#34;col-duration\&#34;&gt;349 ms&lt;/td&gt;&#34;, &#34;&lt;td class=\&#34;col-links\&#34;&gt;&lt;/td&gt;&#34;], &#34;log&#34;: &#34;------------------------------ Captured log call -------------------------------\nWARNING  django.request:log.py:253 Bad Request: /api/progress/create/\n\n&#34;}], &#34;myapp/tests/test_views.py::TestProgressEntryViewsEdgeCases::test_create_progress_above_target&#34;: [{&#34;extras&#34;: [], &#34;result&#34;: &#34;Passed&#34;, &#34;testId&#34;: &#34;myapp/tests/test_views.py::TestProgressEntryViewsEdgeCases::test_create_progress_above_target&#34;, &#34;duration&#34;: &#34;345 ms&#34;, &#34;resultsTableRow&#34;: [&#34;&lt;td class=\&#34;col-result\&#34;&gt;Passed&lt;/td&gt;&#34;, &#34;&lt;td class=\&#34;col-testId\&#34;&gt;myapp/tests/test_views.py::TestProgressEntryViewsEdgeCases::test_create_progress_above_target&lt;/td&gt;&#34;, &#34;&lt;td class=\&#34;col-duration\&#34;&gt;345 ms&lt;/td&gt;&#34;, &#34;&lt;td class=\&#34;col-links\&#34;&gt;&lt;/td&gt;&#34;], &#34;log&#34;: &#34;------------------------------ Captured log call -------------------------------\nWARNING  django.request:log.py:253 Bad Request: /api/progress/create/\n\n&#34;}], &#34;myapp/tests/test_views.py::TestExerciseViews::test_list_exercises&#34;: [{&#34;extras&#34;: [], &#34;result&#34;: &#34;Failed&#34;, &#34;testId&#34;: &#34;myapp/tests/test_views.py::TestExerciseViews::test_list_exercises&#34;, &#34;duration&#34;: &#34;346 ms&#34;, &#34;resultsTableRow&#34;: [&#34;&lt;td class=\&#34;col-result\&#34;&gt;Failed&lt;/td&gt;&#34;, &#34;&lt;td class=\&#34;col-testId\&#34;&gt;myapp/tests/test_views.py::TestExerciseViews::test_list_exercises&lt;/td&gt;&#34;, &#34;&lt;td class=\&#34;col-duration\&#34;&gt;346 ms&lt;/td&gt;&#34;, &#34;&lt;td class=\&#34;col-links\&#34;&gt;&lt;/td&gt;&#34;], &#34;log&#34;: &#34;self = &amp;lt;test_views.TestExerciseViews object at 0x105ea5310&amp;gt;, auth_client = &amp;lt;rest_framework.test.APIClient object at 0x1066e9400&amp;gt;\nexercise = &amp;lt;Exercise: FsATuFIxcsaQcBVqdpzhjliaJVhdLwBNYwoEBLGVvNCrwtEIYr (reps)&amp;gt;\n\n    def test_list_exercises(self, auth_client, exercise):\n        &amp;quot;&amp;quot;&amp;quot;List available exercises.&amp;quot;&amp;quot;&amp;quot;\n        url = reverse(&amp;#x27;exercise_list&amp;#x27;)\n        response = auth_client.get(url)\n        assert response.status_code == 200\n&amp;gt;       assert len(response.data[&amp;#x27;results&amp;#x27;]) &amp;gt;= 1\n                   ^^^^^^^^^^^^^^^^^^^^^^^^\nE       KeyError: &amp;#x27;results&amp;#x27;\n\nmyapp/tests/test_views.py:358: KeyError\n&#34;}], &#34;myapp/tests/test_views.py::TestExerciseViews::test_create_exercise_staff&#34;: [{&#34;extras&#34;: [], &#34;result&#34;: &#34;Passed&#34;, &#34;testId&#34;: &#34;myapp/tests/test_views.py::TestExerciseViews::test_create_exercise_staff&#34;, &#34;duration&#34;: &#34;349 ms&#34;, &#34;resultsTableRow&#34;: [&#34;&lt;td class=\&#34;col-result\&#34;&gt;Passed&lt;/td&gt;&#34;, &#34;&lt;td class=\&#34;col-testId\&#34;&gt;myapp/tests/test_views.py::TestExerciseViews::test_create_exercise_staff&lt;/td&gt;&#34;, &#34;&lt;td class=\&#34;col-duration\&#34;&gt;349 ms&lt;/td&gt;&#34;, &#34;&lt;td class=\&#34;col-links\&#34;&gt;&lt;/td&gt;&#34;], &#34;log&#34;: &#34;No log output captured.&#34;}], &#34;myapp/tests/test_views.py::TestExerciseViewsEdgeCases::test_create_exercise_non_staff&#34;: [{&#34;extras&#34;: [], &#34;result&#34;: &#34;Passed&#34;, &#34;testId&#34;: &#34;myapp/tests/test_views.py::TestExerciseViewsEdgeCases::test_create_exercise_non_staff&#34;, &#34;duration&#34;: &#34;345 ms&#34;, &#34;resultsTableRow&#34;: [&#34;&lt;td class=\&#34;col-result\&#34;&gt;Passed&lt;/td&gt;&#34;, &#34;&lt;td class=\&#34;col-testId\&#34;&gt;myapp/tests/test_views.py::TestExerciseViewsEdgeCases::test_create_exercise_non_staff&lt;/td&gt;&#34;, &#34;&lt;td class=\&#34;col-duration\&#34;&gt;345 ms&lt;/td&gt;&#34;, &#34;&lt;td class=\&#34;col-links\&#34;&gt;&lt;/td&gt;&#34;], &#34;log&#34;: &#34;------------------------------ Captured log call -------------------------------\nWARNING  django.request:log.py:253 Forbidden: /api/exercise/create/\n\n&#34;}], &#34;myapp/tests/test_views.py::TestChallengeAnalytics::test_challenge_analytics&#34;: [{&#34;extras&#34;: [], &#34;result&#34;: &#34;Passed&#34;, &#34;testId&#34;: &#34;myapp/tests/test_views.py::TestChallengeAnalytics::test_challenge_analytics&#34;, &#34;duration&#34;: &#34;355 ms&#34;, &#34;resultsTableRow&#34;: [&#34;&lt;td class=\&#34;col-result\&#34;&gt;Passed&lt;/td&gt;&#34;, &#34;&lt;td class=\&#34;col-testId\&#34;&gt;myapp/tests/test_views.py::TestChallengeAnalytics::test_challenge_analytics&lt;/td&gt;&#34;, &#34;&lt;td class=\&#34;col-duration\&#34;&gt;355 ms&lt;/td&gt;&#34;, &#34;&lt;td class=\&#34;col-links\&#34;&gt;&lt;/td&gt;&#34;], &#34;log&#34;: &#34;No log output captured.&#34;}], &#34;myapp/tests/test_views.py::TestChallengeAnalyticsEdgeCases::test_analytics_not_participant&#34;: [{&#34;extras&#34;: [], &#34;result&#34;: &#34;Passed&#34;, &#34;testId&#34;: &#34;myapp/tests/test_views.py::TestChallengeAnalyticsEdgeCases::test_analytics_not_participant&#34;, &#34;duration&#34;: &#34;346 ms&#34;, &#34;resultsTableRow&#34;: [&#34;&lt;td class=\&#34;col-result\&#34;&gt;Passed&lt;/td&gt;&#34;, &#34;&lt;td class=\&#34;col-testId\&#34;&gt;myapp/tests/test_views.py::TestChallengeAnalyticsEdgeCases::test_analytics_not_participant&lt;/td&gt;&#34;, &#34;&lt;td class=\&#34;col-duration\&#34;&gt;346 ms&lt;/td&gt;&#34;, &#34;&lt;td class=\&#34;col-links\&#34;&gt;&lt;/td&gt;&#34;], &#34;log&#34;: &#34;------------------------------ Captured log call -------------------------------\nWARNING  django.request:log.py:253 Forbidden: /api/challenge/1/analytics/\n\n&#34;}], &#34;myapp/tests/test_views.py::TestChallengeAnalyticsEdgeCases::test_analytics_invalid_date_range&#34;: [{&#34;extras&#34;: [], &#34;result&#34;: &#34;Passed&#34;, &#34;testId&#34;: &#34;myapp/tests/test_views.py::TestChallengeAnalyticsEdgeCases::test_analytics_invalid_date_range&#34;, &#34;duration&#34;: &#34;347 ms&#34;, &#34;resultsTableRow&#34;: [&#34;&lt;td class=\&#34;col-result\&#34;&gt;Passed&lt;/td&gt;&#34;, &#34;&lt;td class=\&#34;col-testId\&#34;&gt;myapp/tests/test_views.py::TestChallengeAnalyticsEdgeCases::test_analytics_invalid_date_range&lt;/td&gt;&#34;, &#34;&lt;td class=\&#34;col-duration\&#34;&gt;347 ms&lt;/td&gt;&#34;, &#34;&lt;td class=\&#34;col-links\&#34;&gt;&lt;/td&gt;&#34;], &#34;log&#34;: &#34;------------------------------ Captured log call -------------------------------\nWARNING  django.request:log.py:253 Bad Request: /api/challenge/1/analytics/\n\n--------------------------- Captured stderr teardown ---------------------------\nDestroying test database for alias &amp;#x27;default&amp;#x27;...\n&#34;}]}, &#34;renderCollapsed&#34;: [&#34;passed&#34;], &#34;initialSort&#34;: &#34;result&#34;, &#34;title&#34;: &#34;test-report.html&#34;}"></div>
    <script>
      (function(){function r(e,n,t){function o(i,f){if(!n[i]){if(!e[i]){var c="function"==typeof require&&require;if(!f&&c)return c(i,!0);if(u)return u(i,!0);var a=new Error("Cannot find module '"+i+"'");throw a.code="MODULE_NOT_FOUND",a}var p=n[i]={exports:{}};e[i][0].call(p.exports,function(r){var n=e[i][1][r];return o(n||r)},p,p.exports,r,e,n,t)}return n[i].exports}for(var u="function"==typeof require&&require,i=0;i<t.length;i++)o(t[i]);return o}return r})()({1:[function(require,module,exports){
const { getCollapsedCategory, setCollapsedIds } = require('./storage.js')

class DataManager {
    setManager(data) {
        const collapsedCategories = [...getCollapsedCategory(data.renderCollapsed)]
        const collapsedIds = []
        const tests = Object.values(data.tests).flat().map((test, index) => {
            const collapsed = collapsedCategories.includes(test.result.toLowerCase())
            const id = `test_${index}`
            if (collapsed) {
                collapsedIds.push(id)
            }
            return {
                ...test,
                id,
                collapsed,
            }
        })
        const dataBlob = { ...data, tests }
        this.data = { ...dataBlob }
        this.renderData = { ...dataBlob }
        setCollapsedIds(collapsedIds)
    }

    get allData() {
        return { ...this.data }
    }

    resetRender() {
        this.renderData = { ...this.data }
    }

    setRender(data) {
        this.renderData.tests = [...data]
    }

    toggleCollapsedItem(id) {
        this.renderData.tests = this.renderData.tests.map((test) =>
            test.id === id ? { ...test, collapsed: !test.collapsed } : test,
        )
    }

    set allCollapsed(collapsed) {
        this.renderData = { ...this.renderData, tests: [...this.renderData.tests.map((test) => (
            { ...test, collapsed }
        ))] }
    }

    get testSubset() {
        return [...this.renderData.tests]
    }

    get environment() {
        return this.renderData.environment
    }

    get initialSort() {
        return this.data.initialSort
    }
}

module.exports = {
    manager: new DataManager(),
}

},{"./storage.js":8}],2:[function(require,module,exports){
const mediaViewer = require('./mediaviewer.js')
const templateEnvRow = document.getElementById('template_environment_row')
const templateResult = document.getElementById('template_results-table__tbody')

function htmlToElements(html) {
    const temp = document.createElement('template')
    temp.innerHTML = html
    return temp.content.childNodes
}

const find = (selector, elem) => {
    if (!elem) {
        elem = document
    }
    return elem.querySelector(selector)
}

const findAll = (selector, elem) => {
    if (!elem) {
        elem = document
    }
    return [...elem.querySelectorAll(selector)]
}

const dom = {
    getStaticRow: (key, value) => {
        const envRow = templateEnvRow.content.cloneNode(true)
        const isObj = typeof value === 'object' && value !== null
        const values = isObj ? Object.keys(value).map((k) => `${k}: ${value[k]}`) : null

        const valuesElement = htmlToElements(
            values ? `<ul>${values.map((val) => `<li>${val}</li>`).join('')}<ul>` : `<div>${value}</div>`)[0]
        const td = findAll('td', envRow)
        td[0].textContent = key
        td[1].appendChild(valuesElement)

        return envRow
    },
    getResultTBody: ({ testId, id, log, extras, resultsTableRow, tableHtml, result, collapsed }) => {
        const resultBody = templateResult.content.cloneNode(true)
        resultBody.querySelector('tbody').classList.add(result.toLowerCase())
        resultBody.querySelector('tbody').id = testId
        resultBody.querySelector('.collapsible').dataset.id = id

        resultsTableRow.forEach((html) => {
            const t = document.createElement('template')
            t.innerHTML = html
            resultBody.querySelector('.collapsible').appendChild(t.content)
        })

        if (log) {
            // Wrap lines starting with "E" with span.error to color those lines red
            const wrappedLog = log.replace(/^E.*$/gm, (match) => `<span class="error">${match}</span>`)
            resultBody.querySelector('.log').innerHTML = wrappedLog
        } else {
            resultBody.querySelector('.log').remove()
        }

        if (collapsed) {
            resultBody.querySelector('.collapsible > td')?.classList.add('collapsed')
            resultBody.querySelector('.extras-row').classList.add('hidden')
        } else {
            resultBody.querySelector('.collapsible > td')?.classList.remove('collapsed')
        }

        const media = []
        extras?.forEach(({ name, format_type, content }) => {
            if (['image', 'video'].includes(format_type)) {
                media.push({ path: content, name, format_type })
            }

            if (format_type === 'html') {
                resultBody.querySelector('.extraHTML').insertAdjacentHTML('beforeend', `<div>${content}</div>`)
            }
        })
        mediaViewer.setup(resultBody, media)

        // Add custom html from the pytest_html_results_table_html hook
        tableHtml?.forEach((item) => {
            resultBody.querySelector('td[class="extra"]').insertAdjacentHTML('beforeend', item)
        })

        return resultBody
    },
}

module.exports = {
    dom,
    htmlToElements,
    find,
    findAll,
}

},{"./mediaviewer.js":6}],3:[function(require,module,exports){
const { manager } = require('./datamanager.js')
const { doSort } = require('./sort.js')
const storageModule = require('./storage.js')

const getFilteredSubSet = (filter) =>
    manager.allData.tests.filter(({ result }) => filter.includes(result.toLowerCase()))

const doInitFilter = () => {
    const currentFilter = storageModule.getVisible()
    const filteredSubset = getFilteredSubSet(currentFilter)
    manager.setRender(filteredSubset)
}

const doFilter = (type, show) => {
    if (show) {
        storageModule.showCategory(type)
    } else {
        storageModule.hideCategory(type)
    }

    const currentFilter = storageModule.getVisible()
    const filteredSubset = getFilteredSubSet(currentFilter)
    manager.setRender(filteredSubset)

    const sortColumn = storageModule.getSort()
    doSort(sortColumn, true)
}

module.exports = {
    doFilter,
    doInitFilter,
}

},{"./datamanager.js":1,"./sort.js":7,"./storage.js":8}],4:[function(require,module,exports){
const { redraw, bindEvents, renderStatic } = require('./main.js')
const { doInitFilter } = require('./filter.js')
const { doInitSort } = require('./sort.js')
const { manager } = require('./datamanager.js')
const data = JSON.parse(document.getElementById('data-container').dataset.jsonblob)

function init() {
    manager.setManager(data)
    doInitFilter()
    doInitSort()
    renderStatic()
    redraw()
    bindEvents()
}

init()

},{"./datamanager.js":1,"./filter.js":3,"./main.js":5,"./sort.js":7}],5:[function(require,module,exports){
const { dom, find, findAll } = require('./dom.js')
const { manager } = require('./datamanager.js')
const { doSort } = require('./sort.js')
const { doFilter } = require('./filter.js')
const {
    getVisible,
    getCollapsedIds,
    setCollapsedIds,
    getSort,
    getSortDirection,
    possibleFilters,
} = require('./storage.js')

const removeChildren = (node) => {
    while (node.firstChild) {
        node.removeChild(node.firstChild)
    }
}

const renderStatic = () => {
    const renderEnvironmentTable = () => {
        const environment = manager.environment
        const rows = Object.keys(environment).map((key) => dom.getStaticRow(key, environment[key]))
        const table = document.getElementById('environment')
        removeChildren(table)
        rows.forEach((row) => table.appendChild(row))
    }
    renderEnvironmentTable()
}

const addItemToggleListener = (elem) => {
    elem.addEventListener('click', ({ target }) => {
        const id = target.parentElement.dataset.id
        manager.toggleCollapsedItem(id)

        const collapsedIds = getCollapsedIds()
        if (collapsedIds.includes(id)) {
            const updated = collapsedIds.filter((item) => item !== id)
            setCollapsedIds(updated)
        } else {
            collapsedIds.push(id)
            setCollapsedIds(collapsedIds)
        }
        redraw()
    })
}

const renderContent = (tests) => {
    const sortAttr = getSort(manager.initialSort)
    const sortAsc = JSON.parse(getSortDirection())
    const rows = tests.map(dom.getResultTBody)
    const table = document.getElementById('results-table')
    const tableHeader = document.getElementById('results-table-head')

    const newTable = document.createElement('table')
    newTable.id = 'results-table'

    // remove all sorting classes and set the relevant
    findAll('.sortable', tableHeader).forEach((elem) => elem.classList.remove('asc', 'desc'))
    tableHeader.querySelector(`.sortable[data-column-type="${sortAttr}"]`)?.classList.add(sortAsc ? 'desc' : 'asc')
    newTable.appendChild(tableHeader)

    if (!rows.length) {
        const emptyTable = document.getElementById('template_results-table__body--empty').content.cloneNode(true)
        newTable.appendChild(emptyTable)
    } else {
        rows.forEach((row) => {
            if (!!row) {
                findAll('.collapsible td:not(.col-links', row).forEach(addItemToggleListener)
                find('.logexpander', row).addEventListener('click',
                    (evt) => evt.target.parentNode.classList.toggle('expanded'),
                )
                newTable.appendChild(row)
            }
        })
    }

    table.replaceWith(newTable)
}

const renderDerived = () => {
    const currentFilter = getVisible()
    possibleFilters.forEach((result) => {
        const input = document.querySelector(`input[data-test-result="${result}"]`)
        input.checked = currentFilter.includes(result)
    })
}

const bindEvents = () => {
    const filterColumn = (evt) => {
        const { target: element } = evt
        const { testResult } = element.dataset

        doFilter(testResult, element.checked)
        const collapsedIds = getCollapsedIds()
        const updated = manager.renderData.tests.map((test) => {
            return {
                ...test,
                collapsed: collapsedIds.includes(test.id),
            }
        })
        manager.setRender(updated)
        redraw()
    }

    const header = document.getElementById('environment-header')
    header.addEventListener('click', () => {
        const table = document.getElementById('environment')
        table.classList.toggle('hidden')
        header.classList.toggle('collapsed')
    })

    findAll('input[name="filter_checkbox"]').forEach((elem) => {
        elem.addEventListener('click', filterColumn)
    })

    findAll('.sortable').forEach((elem) => {
        elem.addEventListener('click', (evt) => {
            const { target: element } = evt
            const { columnType } = element.dataset
            doSort(columnType)
            redraw()
        })
    })

    document.getElementById('show_all_details').addEventListener('click', () => {
        manager.allCollapsed = false
        setCollapsedIds([])
        redraw()
    })
    document.getElementById('hide_all_details').addEventListener('click', () => {
        manager.allCollapsed = true
        const allIds = manager.renderData.tests.map((test) => test.id)
        setCollapsedIds(allIds)
        redraw()
    })
}

const redraw = () => {
    const { testSubset } = manager

    renderContent(testSubset)
    renderDerived()
}

module.exports = {
    redraw,
    bindEvents,
    renderStatic,
}

},{"./datamanager.js":1,"./dom.js":2,"./filter.js":3,"./sort.js":7,"./storage.js":8}],6:[function(require,module,exports){
class MediaViewer {
    constructor(assets) {
        this.assets = assets
        this.index = 0
    }

    nextActive() {
        this.index = this.index === this.assets.length - 1 ? 0 : this.index + 1
        return [this.activeFile, this.index]
    }

    prevActive() {
        this.index = this.index === 0 ? this.assets.length - 1 : this.index -1
        return [this.activeFile, this.index]
    }

    get currentIndex() {
        return this.index
    }

    get activeFile() {
        return this.assets[this.index]
    }
}


const setup = (resultBody, assets) => {
    if (!assets.length) {
        resultBody.querySelector('.media').classList.add('hidden')
        return
    }

    const mediaViewer = new MediaViewer(assets)
    const container = resultBody.querySelector('.media-container')
    const leftArrow = resultBody.querySelector('.media-container__nav--left')
    const rightArrow = resultBody.querySelector('.media-container__nav--right')
    const mediaName = resultBody.querySelector('.media__name')
    const counter = resultBody.querySelector('.media__counter')
    const imageEl = resultBody.querySelector('img')
    const sourceEl = resultBody.querySelector('source')
    const videoEl = resultBody.querySelector('video')

    const setImg = (media, index) => {
        if (media?.format_type === 'image') {
            imageEl.src = media.path

            imageEl.classList.remove('hidden')
            videoEl.classList.add('hidden')
        } else if (media?.format_type === 'video') {
            sourceEl.src = media.path

            videoEl.classList.remove('hidden')
            imageEl.classList.add('hidden')
        }

        mediaName.innerText = media?.name
        counter.innerText = `${index + 1} / ${assets.length}`
    }
    setImg(mediaViewer.activeFile, mediaViewer.currentIndex)

    const moveLeft = () => {
        const [media, index] = mediaViewer.prevActive()
        setImg(media, index)
    }
    const doRight = () => {
        const [media, index] = mediaViewer.nextActive()
        setImg(media, index)
    }
    const openImg = () => {
        window.open(mediaViewer.activeFile.path, '_blank')
    }
    if (assets.length === 1) {
        container.classList.add('media-container--fullscreen')
    } else {
        leftArrow.addEventListener('click', moveLeft)
        rightArrow.addEventListener('click', doRight)
    }
    imageEl.addEventListener('click', openImg)
}

module.exports = {
    setup,
}

},{}],7:[function(require,module,exports){
const { manager } = require('./datamanager.js')
const storageModule = require('./storage.js')

const genericSort = (list, key, ascending, customOrder) => {
    let sorted
    if (customOrder) {
        sorted = list.sort((a, b) => {
            const aValue = a.result.toLowerCase()
            const bValue = b.result.toLowerCase()

            const aIndex = customOrder.findIndex((item) => item.toLowerCase() === aValue)
            const bIndex = customOrder.findIndex((item) => item.toLowerCase() === bValue)

            // Compare the indices to determine the sort order
            return aIndex - bIndex
        })
    } else {
        sorted = list.sort((a, b) => a[key] === b[key] ? 0 : a[key] > b[key] ? 1 : -1)
    }

    if (ascending) {
        sorted.reverse()
    }
    return sorted
}

const durationSort = (list, ascending) => {
    const parseDuration = (duration) => {
        if (duration.includes(':')) {
            // If it's in the format "HH:mm:ss"
            const [hours, minutes, seconds] = duration.split(':').map(Number)
            return (hours * 3600 + minutes * 60 + seconds) * 1000
        } else {
            // If it's in the format "nnn ms"
            return parseInt(duration)
        }
    }
    const sorted = list.sort((a, b) => parseDuration(a['duration']) - parseDuration(b['duration']))
    if (ascending) {
        sorted.reverse()
    }
    return sorted
}

const doInitSort = () => {
    const type = storageModule.getSort(manager.initialSort)
    const ascending = storageModule.getSortDirection()
    const list = manager.testSubset
    const initialOrder = ['Error', 'Failed', 'Rerun', 'XFailed', 'XPassed', 'Skipped', 'Passed']

    storageModule.setSort(type)
    storageModule.setSortDirection(ascending)

    if (type?.toLowerCase() === 'original') {
        manager.setRender(list)
    } else {
        let sortedList
        switch (type) {
        case 'duration':
            sortedList = durationSort(list, ascending)
            break
        case 'result':
            sortedList = genericSort(list, type, ascending, initialOrder)
            break
        default:
            sortedList = genericSort(list, type, ascending)
            break
        }
        manager.setRender(sortedList)
    }
}

const doSort = (type, skipDirection) => {
    const newSortType = storageModule.getSort(manager.initialSort) !== type
    const currentAsc = storageModule.getSortDirection()
    let ascending
    if (skipDirection) {
        ascending = currentAsc
    } else {
        ascending = newSortType ? false : !currentAsc
    }
    storageModule.setSort(type)
    storageModule.setSortDirection(ascending)

    const list = manager.testSubset
    const sortedList = type === 'duration' ? durationSort(list, ascending) : genericSort(list, type, ascending)
    manager.setRender(sortedList)
}

module.exports = {
    doInitSort,
    doSort,
}

},{"./datamanager.js":1,"./storage.js":8}],8:[function(require,module,exports){
const possibleFilters = [
    'passed',
    'skipped',
    'failed',
    'error',
    'xfailed',
    'xpassed',
    'rerun',
]

const getVisible = () => {
    const url = new URL(window.location.href)
    const settings = new URLSearchParams(url.search).get('visible')
    const lower = (item) => {
        const lowerItem = item.toLowerCase()
        if (possibleFilters.includes(lowerItem)) {
            return lowerItem
        }
        return null
    }
    return settings === null ?
        possibleFilters :
        [...new Set(settings?.split(',').map(lower).filter((item) => item))]
}

const hideCategory = (categoryToHide) => {
    const url = new URL(window.location.href)
    const visibleParams = new URLSearchParams(url.search).get('visible')
    const currentVisible = visibleParams ? visibleParams.split(',') : [...possibleFilters]
    const settings = [...new Set(currentVisible)].filter((f) => f !== categoryToHide).join(',')

    url.searchParams.set('visible', settings)
    window.history.pushState({}, null, unescape(url.href))
}

const showCategory = (categoryToShow) => {
    if (typeof window === 'undefined') {
        return
    }
    const url = new URL(window.location.href)
    const currentVisible = new URLSearchParams(url.search).get('visible')?.split(',').filter(Boolean) ||
        [...possibleFilters]
    const settings = [...new Set([categoryToShow, ...currentVisible])]
    const noFilter = possibleFilters.length === settings.length || !settings.length

    noFilter ? url.searchParams.delete('visible') : url.searchParams.set('visible', settings.join(','))
    window.history.pushState({}, null, unescape(url.href))
}

const getSort = (initialSort) => {
    const url = new URL(window.location.href)
    let sort = new URLSearchParams(url.search).get('sort')
    if (!sort) {
        sort = initialSort || 'result'
    }
    return sort
}

const setSort = (type) => {
    const url = new URL(window.location.href)
    url.searchParams.set('sort', type)
    window.history.pushState({}, null, unescape(url.href))
}

const getCollapsedCategory = (renderCollapsed) => {
    let categories
    if (typeof window !== 'undefined') {
        const url = new URL(window.location.href)
        const collapsedItems = new URLSearchParams(url.search).get('collapsed')
        switch (true) {
        case !renderCollapsed && collapsedItems === null:
            categories = ['passed']
            break
        case collapsedItems?.length === 0 || /^["']{2}$/.test(collapsedItems):
            categories = []
            break
        case /^all$/.test(collapsedItems) || collapsedItems === null && /^all$/.test(renderCollapsed):
            categories = [...possibleFilters]
            break
        default:
            categories = collapsedItems?.split(',').map((item) => item.toLowerCase()) || renderCollapsed
            break
        }
    } else {
        categories = []
    }
    return categories
}

const getSortDirection = () => JSON.parse(sessionStorage.getItem('sortAsc')) || false
const setSortDirection = (ascending) => sessionStorage.setItem('sortAsc', ascending)

const getCollapsedIds = () => JSON.parse(sessionStorage.getItem('collapsedIds')) || []
const setCollapsedIds = (list) => sessionStorage.setItem('collapsedIds', JSON.stringify(list))

module.exports = {
    getVisible,
    hideCategory,
    showCategory,
    getCollapsedIds,
    setCollapsedIds,
    getSort,
    setSort,
    getSortDirection,
    setSortDirection,
    getCollapsedCategory,
    possibleFilters,
}

},{}]},{},[4]);
    </script>
  </footer>
</html>